[2016-08-28 16:49:22] production.ERROR: exception 'PDOException' with message 'SQLSTATE[42S02]: Base table or view not found: 1146 Table 'csucsteljesitmeny.oauth_clients' doesn't exist' in C:\xampp\htdocs\csucsteljesitmeny\vendor\laravel\framework\src\Illuminate\Database\Connection.php:292
Stack trace:
#0 C:\xampp\htdocs\csucsteljesitmeny\vendor\laravel\framework\src\Illuminate\Database\Connection.php(292): PDO->prepare('select `oauth_c...')
#1 C:\xampp\htdocs\csucsteljesitmeny\vendor\laravel\framework\src\Illuminate\Database\Connection.php(616): Illuminate\Database\Connection->Illuminate\Database\{closure}(Object(Illuminate\Database\MySqlConnection), 'select `oauth_c...', Array)
#2 C:\xampp\htdocs\csucsteljesitmeny\vendor\laravel\framework\src\Illuminate\Database\Connection.php(580): Illuminate\Database\Connection->runQueryCallback('select `oauth_c...', Array, Object(Closure))
#3 C:\xampp\htdocs\csucsteljesitmeny\vendor\laravel\framework\src\Illuminate\Database\Connection.php(297): Illuminate\Database\Connection->run('select `oauth_c...', Array, Object(Closure))
#4 C:\xampp\htdocs\csucsteljesitmeny\vendor\laravel\framework\src\Illuminate\Database\Query\Builder.php(1377): Illuminate\Database\Connection->select('select `oauth_c...', Array, true)
#5 C:\xampp\htdocs\csucsteljesitmeny\vendor\laravel\framework\src\Illuminate\Database\Query\Builder.php(1367): Illuminate\Database\Query\Builder->runSelect()
#6 C:\xampp\htdocs\csucsteljesitmeny\vendor\laravel\framework\src\Illuminate\Database\Query\Builder.php(1354): Illuminate\Database\Query\Builder->getFresh(Array)
#7 C:\xampp\htdocs\csucsteljesitmeny\vendor\laravel\framework\src\Illuminate\Database\Query\Builder.php(1341): Illuminate\Database\Query\Builder->get(Array)
#8 C:\xampp\htdocs\csucsteljesitmeny\vendor\lucadegasperi\oauth2-server-laravel\src\Storage\FluentClient.php(101): Illuminate\Database\Query\Builder->first()
#9 C:\xampp\htdocs\csucsteljesitmeny\vendor\league\oauth2-server\src\Grant\PasswordGrant.php(110): LucaDegasperi\OAuth2Server\Storage\FluentClient->get('f3d259ddd3ed8ff...', '4c7f6f8fa93d59c...', NULL, 'password')
#10 C:\xampp\htdocs\csucsteljesitmeny\vendor\league\oauth2-server\src\AuthorizationServer.php(275): League\OAuth2\Server\Grant\PasswordGrant->completeFlow()
#11 C:\xampp\htdocs\csucsteljesitmeny\vendor\lucadegasperi\oauth2-server-laravel\src\Authorizer.php(80): League\OAuth2\Server\AuthorizationServer->issueAccessToken()
#12 C:\xampp\htdocs\csucsteljesitmeny\vendor\compiled.php(5482): LucaDegasperi\OAuth2Server\Authorizer->issueAccessToken()
#13 C:\xampp\htdocs\csucsteljesitmeny\app\Http\routes.php(35): Illuminate\Support\Facades\Facade::__callStatic('issueAccessToke...', Array)
#14 C:\xampp\htdocs\csucsteljesitmeny\app\Http\routes.php(35): LucaDegasperi\OAuth2Server\Facades\AuthorizerFacade::issueAccessToken()
#15 [internal function]: App\Providers\RouteServiceProvider->{closure}()
#16 C:\xampp\htdocs\csucsteljesitmeny\vendor\compiled.php(7564): call_user_func_array(Object(Closure), Array)
#17 C:\xampp\htdocs\csucsteljesitmeny\vendor\compiled.php(7551): Illuminate\Routing\Route->runCallable(Object(Illuminate\Http\Request))
#18 C:\xampp\htdocs\csucsteljesitmeny\vendor\compiled.php(7219): Illuminate\Routing\Route->run(Object(Illuminate\Http\Request))
#19 [internal function]: Illuminate\Routing\Router->Illuminate\Routing\{closure}(Object(Illuminate\Http\Request))
#20 C:\xampp\htdocs\csucsteljesitmeny\vendor\compiled.php(9244): call_user_func(Object(Closure), Object(Illuminate\Http\Request))
#21 [internal function]: Illuminate\Pipeline\Pipeline->Illuminate\Pipeline\{closure}(Object(Illuminate\Http\Request))
#22 C:\xampp\htdocs\csucsteljesitmeny\vendor\compiled.php(9227): call_user_func(Object(Closure), Object(Illuminate\Http\Request))
#23 C:\xampp\htdocs\csucsteljesitmeny\vendor\compiled.php(7220): Illuminate\Pipeline\Pipeline->then(Object(Closure))
#24 C:\xampp\htdocs\csucsteljesitmeny\vendor\compiled.php(7209): Illuminate\Routing\Router->runRouteWithinStack(Object(Illuminate\Routing\Route), Object(Illuminate\Http\Request))
#25 C:\xampp\htdocs\csucsteljesitmeny\vendor\compiled.php(7194): Illuminate\Routing\Router->dispatchToRoute(Object(Illuminate\Http\Request))
#26 C:\xampp\htdocs\csucsteljesitmeny\vendor\compiled.php(2040): Illuminate\Routing\Router->dispatch(Object(Illuminate\Http\Request))
#27 [internal function]: Illuminate\Foundation\Http\Kernel->Illuminate\Foundation\Http\{closure}(Object(Illuminate\Http\Request))
#28 C:\xampp\htdocs\csucsteljesitmeny\vendor\compiled.php(9244): call_user_func(Object(Closure), Object(Illuminate\Http\Request))
#29 C:\xampp\htdocs\csucsteljesitmeny\vendor\lucadegasperi\oauth2-server-laravel\src\Middleware\OAuthExceptionHandlerMiddleware.php(19): Illuminate\Pipeline\Pipeline->Illuminate\Pipeline\{closure}(Object(Illuminate\Http\Request))
#30 C:\xampp\htdocs\csucsteljesitmeny\vendor\compiled.php(9236): LucaDegasperi\OAuth2Server\Middleware\OAuthExceptionHandlerMiddleware->handle(Object(Illuminate\Http\Request), Object(Closure))
#31 C:\xampp\htdocs\csucsteljesitmeny\vendor\compiled.php(12416): Illuminate\Pipeline\Pipeline->Illuminate\Pipeline\{closure}(Object(Illuminate\Http\Request))
#32 C:\xampp\htdocs\csucsteljesitmeny\vendor\compiled.php(9236): Illuminate\View\Middleware\ShareErrorsFromSession->handle(Object(Illuminate\Http\Request), Object(Closure))
#33 C:\xampp\htdocs\csucsteljesitmeny\vendor\compiled.php(11106): Illuminate\Pipeline\Pipeline->Illuminate\Pipeline\{closure}(Object(Illuminate\Http\Request))
#34 C:\xampp\htdocs\csucsteljesitmeny\vendor\compiled.php(9236): Illuminate\Session\Middleware\StartSession->handle(Object(Illuminate\Http\Request), Object(Closure))
#35 C:\xampp\htdocs\csucsteljesitmeny\vendor\compiled.php(12118): Illuminate\Pipeline\Pipeline->Illuminate\Pipeline\{closure}(Object(Illuminate\Http\Request))
#36 C:\xampp\htdocs\csucsteljesitmeny\vendor\compiled.php(9236): Illuminate\Cookie\Middleware\AddQueuedCookiesToResponse->handle(Object(Illuminate\Http\Request), Object(Closure))
#37 C:\xampp\htdocs\csucsteljesitmeny\vendor\compiled.php(12066): Illuminate\Pipeline\Pipeline->Illuminate\Pipeline\{closure}(Object(Illuminate\Http\Request))
#38 C:\xampp\htdocs\csucsteljesitmeny\vendor\compiled.php(9236): Illuminate\Cookie\Middleware\EncryptCookies->handle(Object(Illuminate\Http\Request), Object(Closure))
#39 C:\xampp\htdocs\csucsteljesitmeny\vendor\compiled.php(2589): Illuminate\Pipeline\Pipeline->Illuminate\Pipeline\{closure}(Object(Illuminate\Http\Request))
#40 C:\xampp\htdocs\csucsteljesitmeny\vendor\compiled.php(9236): Illuminate\Foundation\Http\Middleware\CheckForMaintenanceMode->handle(Object(Illuminate\Http\Request), Object(Closure))
#41 [internal function]: Illuminate\Pipeline\Pipeline->Illuminate\Pipeline\{closure}(Object(Illuminate\Http\Request))
#42 C:\xampp\htdocs\csucsteljesitmeny\vendor\compiled.php(9227): call_user_func(Object(Closure), Object(Illuminate\Http\Request))
#43 C:\xampp\htdocs\csucsteljesitmeny\vendor\compiled.php(1996): Illuminate\Pipeline\Pipeline->then(Object(Closure))
#44 C:\xampp\htdocs\csucsteljesitmeny\vendor\compiled.php(1983): Illuminate\Foundation\Http\Kernel->sendRequestThroughRouter(Object(Illuminate\Http\Request))
#45 C:\xampp\htdocs\csucsteljesitmeny\public\index.php(55): Illuminate\Foundation\Http\Kernel->handle(Object(Illuminate\Http\Request))
#46 C:\xampp\htdocs\csucsteljesitmeny\server.php(21): require_once('C:\\xampp\\htdocs...')
#47 {main}

Next exception 'Illuminate\Database\QueryException' with message 'SQLSTATE[42S02]: Base table or view not found: 1146 Table 'csucsteljesitmeny.oauth_clients' doesn't exist (SQL: select `oauth_clients`.`id` as `id`, `oauth_clients`.`secret` as `secret`, `oauth_clients`.`name` as `name` from `oauth_clients` where `oauth_clients`.`id` = f3d259ddd3ed8ff3843839b and `oauth_clients`.`secret` = 4c7f6f8fa93d59c45502c0ae8c4a95b limit 1)' in C:\xampp\htdocs\csucsteljesitmeny\vendor\laravel\framework\src\Illuminate\Database\Connection.php:624
Stack trace:
#0 C:\xampp\htdocs\csucsteljesitmeny\vendor\laravel\framework\src\Illuminate\Database\Connection.php(580): Illuminate\Database\Connection->runQueryCallback('select `oauth_c...', Array, Object(Closure))
#1 C:\xampp\htdocs\csucsteljesitmeny\vendor\laravel\framework\src\Illuminate\Database\Connection.php(297): Illuminate\Database\Connection->run('select `oauth_c...', Array, Object(Closure))
#2 C:\xampp\htdocs\csucsteljesitmeny\vendor\laravel\framework\src\Illuminate\Database\Query\Builder.php(1377): Illuminate\Database\Connection->select('select `oauth_c...', Array, true)
#3 C:\xampp\htdocs\csucsteljesitmeny\vendor\laravel\framework\src\Illuminate\Database\Query\Builder.php(1367): Illuminate\Database\Query\Builder->runSelect()
#4 C:\xampp\htdocs\csucsteljesitmeny\vendor\laravel\framework\src\Illuminate\Database\Query\Builder.php(1354): Illuminate\Database\Query\Builder->getFresh(Array)
#5 C:\xampp\htdocs\csucsteljesitmeny\vendor\laravel\framework\src\Illuminate\Database\Query\Builder.php(1341): Illuminate\Database\Query\Builder->get(Array)
#6 C:\xampp\htdocs\csucsteljesitmeny\vendor\lucadegasperi\oauth2-server-laravel\src\Storage\FluentClient.php(101): Illuminate\Database\Query\Builder->first()
#7 C:\xampp\htdocs\csucsteljesitmeny\vendor\league\oauth2-server\src\Grant\PasswordGrant.php(110): LucaDegasperi\OAuth2Server\Storage\FluentClient->get('f3d259ddd3ed8ff...', '4c7f6f8fa93d59c...', NULL, 'password')
#8 C:\xampp\htdocs\csucsteljesitmeny\vendor\league\oauth2-server\src\AuthorizationServer.php(275): League\OAuth2\Server\Grant\PasswordGrant->completeFlow()
#9 C:\xampp\htdocs\csucsteljesitmeny\vendor\lucadegasperi\oauth2-server-laravel\src\Authorizer.php(80): League\OAuth2\Server\AuthorizationServer->issueAccessToken()
#10 C:\xampp\htdocs\csucsteljesitmeny\vendor\compiled.php(5482): LucaDegasperi\OAuth2Server\Authorizer->issueAccessToken()
#11 C:\xampp\htdocs\csucsteljesitmeny\app\Http\routes.php(35): Illuminate\Support\Facades\Facade::__callStatic('issueAccessToke...', Array)
#12 C:\xampp\htdocs\csucsteljesitmeny\app\Http\routes.php(35): LucaDegasperi\OAuth2Server\Facades\AuthorizerFacade::issueAccessToken()
#13 [internal function]: App\Providers\RouteServiceProvider->{closure}()
#14 C:\xampp\htdocs\csucsteljesitmeny\vendor\compiled.php(7564): call_user_func_array(Object(Closure), Array)
#15 C:\xampp\htdocs\csucsteljesitmeny\vendor\compiled.php(7551): Illuminate\Routing\Route->runCallable(Object(Illuminate\Http\Request))
#16 C:\xampp\htdocs\csucsteljesitmeny\vendor\compiled.php(7219): Illuminate\Routing\Route->run(Object(Illuminate\Http\Request))
#17 [internal function]: Illuminate\Routing\Router->Illuminate\Routing\{closure}(Object(Illuminate\Http\Request))
#18 C:\xampp\htdocs\csucsteljesitmeny\vendor\compiled.php(9244): call_user_func(Object(Closure), Object(Illuminate\Http\Request))
#19 [internal function]: Illuminate\Pipeline\Pipeline->Illuminate\Pipeline\{closure}(Object(Illuminate\Http\Request))
#20 C:\xampp\htdocs\csucsteljesitmeny\vendor\compiled.php(9227): call_user_func(Object(Closure), Object(Illuminate\Http\Request))
#21 C:\xampp\htdocs\csucsteljesitmeny\vendor\compiled.php(7220): Illuminate\Pipeline\Pipeline->then(Object(Closure))
#22 C:\xampp\htdocs\csucsteljesitmeny\vendor\compiled.php(7209): Illuminate\Routing\Router->runRouteWithinStack(Object(Illuminate\Routing\Route), Object(Illuminate\Http\Request))
#23 C:\xampp\htdocs\csucsteljesitmeny\vendor\compiled.php(7194): Illuminate\Routing\Router->dispatchToRoute(Object(Illuminate\Http\Request))
#24 C:\xampp\htdocs\csucsteljesitmeny\vendor\compiled.php(2040): Illuminate\Routing\Router->dispatch(Object(Illuminate\Http\Request))
#25 [internal function]: Illuminate\Foundation\Http\Kernel->Illuminate\Foundation\Http\{closure}(Object(Illuminate\Http\Request))
#26 C:\xampp\htdocs\csucsteljesitmeny\vendor\compiled.php(9244): call_user_func(Object(Closure), Object(Illuminate\Http\Request))
#27 C:\xampp\htdocs\csucsteljesitmeny\vendor\lucadegasperi\oauth2-server-laravel\src\Middleware\OAuthExceptionHandlerMiddleware.php(19): Illuminate\Pipeline\Pipeline->Illuminate\Pipeline\{closure}(Object(Illuminate\Http\Request))
#28 C:\xampp\htdocs\csucsteljesitmeny\vendor\compiled.php(9236): LucaDegasperi\OAuth2Server\Middleware\OAuthExceptionHandlerMiddleware->handle(Object(Illuminate\Http\Request), Object(Closure))
#29 C:\xampp\htdocs\csucsteljesitmeny\vendor\compiled.php(12416): Illuminate\Pipeline\Pipeline->Illuminate\Pipeline\{closure}(Object(Illuminate\Http\Request))
#30 C:\xampp\htdocs\csucsteljesitmeny\vendor\compiled.php(9236): Illuminate\View\Middleware\ShareErrorsFromSession->handle(Object(Illuminate\Http\Request), Object(Closure))
#31 C:\xampp\htdocs\csucsteljesitmeny\vendor\compiled.php(11106): Illuminate\Pipeline\Pipeline->Illuminate\Pipeline\{closure}(Object(Illuminate\Http\Request))
#32 C:\xampp\htdocs\csucsteljesitmeny\vendor\compiled.php(9236): Illuminate\Session\Middleware\StartSession->handle(Object(Illuminate\Http\Request), Object(Closure))
#33 C:\xampp\htdocs\csucsteljesitmeny\vendor\compiled.php(12118): Illuminate\Pipeline\Pipeline->Illuminate\Pipeline\{closure}(Object(Illuminate\Http\Request))
#34 C:\xampp\htdocs\csucsteljesitmeny\vendor\compiled.php(9236): Illuminate\Cookie\Middleware\AddQueuedCookiesToResponse->handle(Object(Illuminate\Http\Request), Object(Closure))
#35 C:\xampp\htdocs\csucsteljesitmeny\vendor\compiled.php(12066): Illuminate\Pipeline\Pipeline->Illuminate\Pipeline\{closure}(Object(Illuminate\Http\Request))
#36 C:\xampp\htdocs\csucsteljesitmeny\vendor\compiled.php(9236): Illuminate\Cookie\Middleware\EncryptCookies->handle(Object(Illuminate\Http\Request), Object(Closure))
#37 C:\xampp\htdocs\csucsteljesitmeny\vendor\compiled.php(2589): Illuminate\Pipeline\Pipeline->Illuminate\Pipeline\{closure}(Object(Illuminate\Http\Request))
#38 C:\xampp\htdocs\csucsteljesitmeny\vendor\compiled.php(9236): Illuminate\Foundation\Http\Middleware\CheckForMaintenanceMode->handle(Object(Illuminate\Http\Request), Object(Closure))
#39 [internal function]: Illuminate\Pipeline\Pipeline->Illuminate\Pipeline\{closure}(Object(Illuminate\Http\Request))
#40 C:\xampp\htdocs\csucsteljesitmeny\vendor\compiled.php(9227): call_user_func(Object(Closure), Object(Illuminate\Http\Request))
#41 C:\xampp\htdocs\csucsteljesitmeny\vendor\compiled.php(1996): Illuminate\Pipeline\Pipeline->then(Object(Closure))
#42 C:\xampp\htdocs\csucsteljesitmeny\vendor\compiled.php(1983): Illuminate\Foundation\Http\Kernel->sendRequestThroughRouter(Object(Illuminate\Http\Request))
#43 C:\xampp\htdocs\csucsteljesitmeny\public\index.php(55): Illuminate\Foundation\Http\Kernel->handle(Object(Illuminate\Http\Request))
#44 C:\xampp\htdocs\csucsteljesitmeny\server.php(21): require_once('C:\\xampp\\htdocs...')
#45 {main}  
[2016-08-28 16:55:06] production.ERROR: exception 'ErrorException' with message 'include(C:\xampp\htdocs\csucsteljesitmeny\vendor\composer/../../app/Http/Controllers/LoginAndRegistration/UserController.php): failed to open stream: No such file or directory' in C:\xampp\htdocs\csucsteljesitmeny\vendor\composer\ClassLoader.php:412
Stack trace:
#0 C:\xampp\htdocs\csucsteljesitmeny\vendor\composer\ClassLoader.php(412): Illuminate\Foundation\Bootstrap\HandleExceptions->handleError(2, 'include(C:\\xamp...', 'C:\\xampp\\htdocs...', 412, Array)
#1 C:\xampp\htdocs\csucsteljesitmeny\vendor\composer\ClassLoader.php(412): Composer\Autoload\includeFile()
#2 C:\xampp\htdocs\csucsteljesitmeny\vendor\composer\ClassLoader.php(301): Composer\Autoload\includeFile('C:\\xampp\\htdocs...')
#3 [internal function]: Composer\Autoload\ClassLoader->loadClass('App\\Http\\Contro...')
#4 [internal function]: spl_autoload_call('App\\Http\\Contro...')
#5 C:\xampp\htdocs\csucsteljesitmeny\vendor\compiled.php(1068): ReflectionClass->__construct('App\\Http\\Contro...')
#6 C:\xampp\htdocs\csucsteljesitmeny\vendor\compiled.php(1019): Illuminate\Container\Container->build('App\\Http\\Contro...', Array)
#7 C:\xampp\htdocs\csucsteljesitmeny\vendor\compiled.php(1543): Illuminate\Container\Container->make('App\\Http\\Contro...', Array)
#8 C:\xampp\htdocs\csucsteljesitmeny\vendor\compiled.php(8599): Illuminate\Foundation\Application->make('App\\Http\\Contro...')
#9 C:\xampp\htdocs\csucsteljesitmeny\vendor\compiled.php(8588): Illuminate\Routing\ControllerDispatcher->makeController('App\\Http\\Contro...')
#10 C:\xampp\htdocs\csucsteljesitmeny\vendor\compiled.php(7583): Illuminate\Routing\ControllerDispatcher->dispatch(Object(Illuminate\Routing\Route), Object(Illuminate\Http\Request), 'App\\Http\\Contro...', 'registerUser')
#11 C:\xampp\htdocs\csucsteljesitmeny\vendor\compiled.php(7554): Illuminate\Routing\Route->runWithCustomDispatcher(Object(Illuminate\Http\Request))
#12 C:\xampp\htdocs\csucsteljesitmeny\vendor\compiled.php(7219): Illuminate\Routing\Route->run(Object(Illuminate\Http\Request))
#13 [internal function]: Illuminate\Routing\Router->Illuminate\Routing\{closure}(Object(Illuminate\Http\Request))
#14 C:\xampp\htdocs\csucsteljesitmeny\vendor\compiled.php(9244): call_user_func(Object(Closure), Object(Illuminate\Http\Request))
#15 [internal function]: Illuminate\Pipeline\Pipeline->Illuminate\Pipeline\{closure}(Object(Illuminate\Http\Request))
#16 C:\xampp\htdocs\csucsteljesitmeny\vendor\compiled.php(9227): call_user_func(Object(Closure), Object(Illuminate\Http\Request))
#17 C:\xampp\htdocs\csucsteljesitmeny\vendor\compiled.php(7220): Illuminate\Pipeline\Pipeline->then(Object(Closure))
#18 C:\xampp\htdocs\csucsteljesitmeny\vendor\compiled.php(7209): Illuminate\Routing\Router->runRouteWithinStack(Object(Illuminate\Routing\Route), Object(Illuminate\Http\Request))
#19 C:\xampp\htdocs\csucsteljesitmeny\vendor\compiled.php(7194): Illuminate\Routing\Router->dispatchToRoute(Object(Illuminate\Http\Request))
#20 C:\xampp\htdocs\csucsteljesitmeny\vendor\compiled.php(2040): Illuminate\Routing\Router->dispatch(Object(Illuminate\Http\Request))
#21 [internal function]: Illuminate\Foundation\Http\Kernel->Illuminate\Foundation\Http\{closure}(Object(Illuminate\Http\Request))
#22 C:\xampp\htdocs\csucsteljesitmeny\vendor\compiled.php(9244): call_user_func(Object(Closure), Object(Illuminate\Http\Request))
#23 C:\xampp\htdocs\csucsteljesitmeny\vendor\lucadegasperi\oauth2-server-laravel\src\Middleware\OAuthExceptionHandlerMiddleware.php(19): Illuminate\Pipeline\Pipeline->Illuminate\Pipeline\{closure}(Object(Illuminate\Http\Request))
#24 C:\xampp\htdocs\csucsteljesitmeny\vendor\compiled.php(9236): LucaDegasperi\OAuth2Server\Middleware\OAuthExceptionHandlerMiddleware->handle(Object(Illuminate\Http\Request), Object(Closure))
#25 C:\xampp\htdocs\csucsteljesitmeny\vendor\compiled.php(12416): Illuminate\Pipeline\Pipeline->Illuminate\Pipeline\{closure}(Object(Illuminate\Http\Request))
#26 C:\xampp\htdocs\csucsteljesitmeny\vendor\compiled.php(9236): Illuminate\View\Middleware\ShareErrorsFromSession->handle(Object(Illuminate\Http\Request), Object(Closure))
#27 C:\xampp\htdocs\csucsteljesitmeny\vendor\compiled.php(11106): Illuminate\Pipeline\Pipeline->Illuminate\Pipeline\{closure}(Object(Illuminate\Http\Request))
#28 C:\xampp\htdocs\csucsteljesitmeny\vendor\compiled.php(9236): Illuminate\Session\Middleware\StartSession->handle(Object(Illuminate\Http\Request), Object(Closure))
#29 C:\xampp\htdocs\csucsteljesitmeny\vendor\compiled.php(12118): Illuminate\Pipeline\Pipeline->Illuminate\Pipeline\{closure}(Object(Illuminate\Http\Request))
#30 C:\xampp\htdocs\csucsteljesitmeny\vendor\compiled.php(9236): Illuminate\Cookie\Middleware\AddQueuedCookiesToResponse->handle(Object(Illuminate\Http\Request), Object(Closure))
#31 C:\xampp\htdocs\csucsteljesitmeny\vendor\compiled.php(12066): Illuminate\Pipeline\Pipeline->Illuminate\Pipeline\{closure}(Object(Illuminate\Http\Request))
#32 C:\xampp\htdocs\csucsteljesitmeny\vendor\compiled.php(9236): Illuminate\Cookie\Middleware\EncryptCookies->handle(Object(Illuminate\Http\Request), Object(Closure))
#33 C:\xampp\htdocs\csucsteljesitmeny\vendor\compiled.php(2589): Illuminate\Pipeline\Pipeline->Illuminate\Pipeline\{closure}(Object(Illuminate\Http\Request))
#34 C:\xampp\htdocs\csucsteljesitmeny\vendor\compiled.php(9236): Illuminate\Foundation\Http\Middleware\CheckForMaintenanceMode->handle(Object(Illuminate\Http\Request), Object(Closure))
#35 [internal function]: Illuminate\Pipeline\Pipeline->Illuminate\Pipeline\{closure}(Object(Illuminate\Http\Request))
#36 C:\xampp\htdocs\csucsteljesitmeny\vendor\compiled.php(9227): call_user_func(Object(Closure), Object(Illuminate\Http\Request))
#37 C:\xampp\htdocs\csucsteljesitmeny\vendor\compiled.php(1996): Illuminate\Pipeline\Pipeline->then(Object(Closure))
#38 C:\xampp\htdocs\csucsteljesitmeny\vendor\compiled.php(1983): Illuminate\Foundation\Http\Kernel->sendRequestThroughRouter(Object(Illuminate\Http\Request))
#39 C:\xampp\htdocs\csucsteljesitmeny\public\index.php(55): Illuminate\Foundation\Http\Kernel->handle(Object(Illuminate\Http\Request))
#40 C:\xampp\htdocs\csucsteljesitmeny\server.php(21): require_once('C:\\xampp\\htdocs...')
#41 {main}  
[2016-08-28 16:58:45] production.ERROR: exception 'ErrorException' with message 'include(C:\xampp\htdocs\csucsteljesitmeny\vendor\composer/../../app/Http/Controllers/LoginAndRegistration/UserController.php): failed to open stream: No such file or directory' in C:\xampp\htdocs\csucsteljesitmeny\vendor\composer\ClassLoader.php:412
Stack trace:
#0 C:\xampp\htdocs\csucsteljesitmeny\vendor\composer\ClassLoader.php(412): Illuminate\Foundation\Bootstrap\HandleExceptions->handleError(2, 'include(C:\\xamp...', 'C:\\xampp\\htdocs...', 412, Array)
#1 C:\xampp\htdocs\csucsteljesitmeny\vendor\composer\ClassLoader.php(412): Composer\Autoload\includeFile()
#2 C:\xampp\htdocs\csucsteljesitmeny\vendor\composer\ClassLoader.php(301): Composer\Autoload\includeFile('C:\\xampp\\htdocs...')
#3 [internal function]: Composer\Autoload\ClassLoader->loadClass('App\\Http\\Contro...')
#4 [internal function]: spl_autoload_call('App\\Http\\Contro...')
#5 C:\xampp\htdocs\csucsteljesitmeny\vendor\compiled.php(1068): ReflectionClass->__construct('App\\Http\\Contro...')
#6 C:\xampp\htdocs\csucsteljesitmeny\vendor\compiled.php(1019): Illuminate\Container\Container->build('App\\Http\\Contro...', Array)
#7 C:\xampp\htdocs\csucsteljesitmeny\vendor\compiled.php(1543): Illuminate\Container\Container->make('App\\Http\\Contro...', Array)
#8 C:\xampp\htdocs\csucsteljesitmeny\vendor\compiled.php(8599): Illuminate\Foundation\Application->make('App\\Http\\Contro...')
#9 C:\xampp\htdocs\csucsteljesitmeny\vendor\compiled.php(8588): Illuminate\Routing\ControllerDispatcher->makeController('App\\Http\\Contro...')
#10 C:\xampp\htdocs\csucsteljesitmeny\vendor\compiled.php(7583): Illuminate\Routing\ControllerDispatcher->dispatch(Object(Illuminate\Routing\Route), Object(Illuminate\Http\Request), 'App\\Http\\Contro...', 'registerUser')
#11 C:\xampp\htdocs\csucsteljesitmeny\vendor\compiled.php(7554): Illuminate\Routing\Route->runWithCustomDispatcher(Object(Illuminate\Http\Request))
#12 C:\xampp\htdocs\csucsteljesitmeny\vendor\compiled.php(7219): Illuminate\Routing\Route->run(Object(Illuminate\Http\Request))
#13 [internal function]: Illuminate\Routing\Router->Illuminate\Routing\{closure}(Object(Illuminate\Http\Request))
#14 C:\xampp\htdocs\csucsteljesitmeny\vendor\compiled.php(9244): call_user_func(Object(Closure), Object(Illuminate\Http\Request))
#15 [internal function]: Illuminate\Pipeline\Pipeline->Illuminate\Pipeline\{closure}(Object(Illuminate\Http\Request))
#16 C:\xampp\htdocs\csucsteljesitmeny\vendor\compiled.php(9227): call_user_func(Object(Closure), Object(Illuminate\Http\Request))
#17 C:\xampp\htdocs\csucsteljesitmeny\vendor\compiled.php(7220): Illuminate\Pipeline\Pipeline->then(Object(Closure))
#18 C:\xampp\htdocs\csucsteljesitmeny\vendor\compiled.php(7209): Illuminate\Routing\Router->runRouteWithinStack(Object(Illuminate\Routing\Route), Object(Illuminate\Http\Request))
#19 C:\xampp\htdocs\csucsteljesitmeny\vendor\compiled.php(7194): Illuminate\Routing\Router->dispatchToRoute(Object(Illuminate\Http\Request))
#20 C:\xampp\htdocs\csucsteljesitmeny\vendor\compiled.php(2040): Illuminate\Routing\Router->dispatch(Object(Illuminate\Http\Request))
#21 [internal function]: Illuminate\Foundation\Http\Kernel->Illuminate\Foundation\Http\{closure}(Object(Illuminate\Http\Request))
#22 C:\xampp\htdocs\csucsteljesitmeny\vendor\compiled.php(9244): call_user_func(Object(Closure), Object(Illuminate\Http\Request))
#23 C:\xampp\htdocs\csucsteljesitmeny\vendor\lucadegasperi\oauth2-server-laravel\src\Middleware\OAuthExceptionHandlerMiddleware.php(19): Illuminate\Pipeline\Pipeline->Illuminate\Pipeline\{closure}(Object(Illuminate\Http\Request))
#24 C:\xampp\htdocs\csucsteljesitmeny\vendor\compiled.php(9236): LucaDegasperi\OAuth2Server\Middleware\OAuthExceptionHandlerMiddleware->handle(Object(Illuminate\Http\Request), Object(Closure))
#25 C:\xampp\htdocs\csucsteljesitmeny\vendor\compiled.php(12416): Illuminate\Pipeline\Pipeline->Illuminate\Pipeline\{closure}(Object(Illuminate\Http\Request))
#26 C:\xampp\htdocs\csucsteljesitmeny\vendor\compiled.php(9236): Illuminate\View\Middleware\ShareErrorsFromSession->handle(Object(Illuminate\Http\Request), Object(Closure))
#27 C:\xampp\htdocs\csucsteljesitmeny\vendor\compiled.php(11106): Illuminate\Pipeline\Pipeline->Illuminate\Pipeline\{closure}(Object(Illuminate\Http\Request))
#28 C:\xampp\htdocs\csucsteljesitmeny\vendor\compiled.php(9236): Illuminate\Session\Middleware\StartSession->handle(Object(Illuminate\Http\Request), Object(Closure))
#29 C:\xampp\htdocs\csucsteljesitmeny\vendor\compiled.php(12118): Illuminate\Pipeline\Pipeline->Illuminate\Pipeline\{closure}(Object(Illuminate\Http\Request))
#30 C:\xampp\htdocs\csucsteljesitmeny\vendor\compiled.php(9236): Illuminate\Cookie\Middleware\AddQueuedCookiesToResponse->handle(Object(Illuminate\Http\Request), Object(Closure))
#31 C:\xampp\htdocs\csucsteljesitmeny\vendor\compiled.php(12066): Illuminate\Pipeline\Pipeline->Illuminate\Pipeline\{closure}(Object(Illuminate\Http\Request))
#32 C:\xampp\htdocs\csucsteljesitmeny\vendor\compiled.php(9236): Illuminate\Cookie\Middleware\EncryptCookies->handle(Object(Illuminate\Http\Request), Object(Closure))
#33 C:\xampp\htdocs\csucsteljesitmeny\vendor\compiled.php(2589): Illuminate\Pipeline\Pipeline->Illuminate\Pipeline\{closure}(Object(Illuminate\Http\Request))
#34 C:\xampp\htdocs\csucsteljesitmeny\vendor\compiled.php(9236): Illuminate\Foundation\Http\Middleware\CheckForMaintenanceMode->handle(Object(Illuminate\Http\Request), Object(Closure))
#35 [internal function]: Illuminate\Pipeline\Pipeline->Illuminate\Pipeline\{closure}(Object(Illuminate\Http\Request))
#36 C:\xampp\htdocs\csucsteljesitmeny\vendor\compiled.php(9227): call_user_func(Object(Closure), Object(Illuminate\Http\Request))
#37 C:\xampp\htdocs\csucsteljesitmeny\vendor\compiled.php(1996): Illuminate\Pipeline\Pipeline->then(Object(Closure))
#38 C:\xampp\htdocs\csucsteljesitmeny\vendor\compiled.php(1983): Illuminate\Foundation\Http\Kernel->sendRequestThroughRouter(Object(Illuminate\Http\Request))
#39 C:\xampp\htdocs\csucsteljesitmeny\public\index.php(55): Illuminate\Foundation\Http\Kernel->handle(Object(Illuminate\Http\Request))
#40 C:\xampp\htdocs\csucsteljesitmeny\server.php(21): require_once('C:\\xampp\\htdocs...')
#41 {main}  
[2016-08-28 17:00:41] production.ERROR: exception 'ErrorException' with message 'include(C:\xampp\htdocs\csucsteljesitmeny\vendor\composer/../../app/Http/Controllers/LoginAndRegistration/UserController.php): failed to open stream: No such file or directory' in C:\xampp\htdocs\csucsteljesitmeny\vendor\composer\ClassLoader.php:412
Stack trace:
#0 C:\xampp\htdocs\csucsteljesitmeny\vendor\composer\ClassLoader.php(412): Illuminate\Foundation\Bootstrap\HandleExceptions->handleError(2, 'include(C:\\xamp...', 'C:\\xampp\\htdocs...', 412, Array)
#1 C:\xampp\htdocs\csucsteljesitmeny\vendor\composer\ClassLoader.php(412): Composer\Autoload\includeFile()
#2 C:\xampp\htdocs\csucsteljesitmeny\vendor\composer\ClassLoader.php(301): Composer\Autoload\includeFile('C:\\xampp\\htdocs...')
#3 [internal function]: Composer\Autoload\ClassLoader->loadClass('App\\Http\\Contro...')
#4 [internal function]: spl_autoload_call('App\\Http\\Contro...')
#5 C:\xampp\htdocs\csucsteljesitmeny\vendor\compiled.php(1068): ReflectionClass->__construct('App\\Http\\Contro...')
#6 C:\xampp\htdocs\csucsteljesitmeny\vendor\compiled.php(1019): Illuminate\Container\Container->build('App\\Http\\Contro...', Array)
#7 C:\xampp\htdocs\csucsteljesitmeny\vendor\compiled.php(1543): Illuminate\Container\Container->make('App\\Http\\Contro...', Array)
#8 C:\xampp\htdocs\csucsteljesitmeny\vendor\compiled.php(8599): Illuminate\Foundation\Application->make('App\\Http\\Contro...')
#9 C:\xampp\htdocs\csucsteljesitmeny\vendor\compiled.php(8588): Illuminate\Routing\ControllerDispatcher->makeController('App\\Http\\Contro...')
#10 C:\xampp\htdocs\csucsteljesitmeny\vendor\compiled.php(7583): Illuminate\Routing\ControllerDispatcher->dispatch(Object(Illuminate\Routing\Route), Object(Illuminate\Http\Request), 'App\\Http\\Contro...', 'registerUser')
#11 C:\xampp\htdocs\csucsteljesitmeny\vendor\compiled.php(7554): Illuminate\Routing\Route->runWithCustomDispatcher(Object(Illuminate\Http\Request))
#12 C:\xampp\htdocs\csucsteljesitmeny\vendor\compiled.php(7219): Illuminate\Routing\Route->run(Object(Illuminate\Http\Request))
#13 [internal function]: Illuminate\Routing\Router->Illuminate\Routing\{closure}(Object(Illuminate\Http\Request))
#14 C:\xampp\htdocs\csucsteljesitmeny\vendor\compiled.php(9244): call_user_func(Object(Closure), Object(Illuminate\Http\Request))
#15 [internal function]: Illuminate\Pipeline\Pipeline->Illuminate\Pipeline\{closure}(Object(Illuminate\Http\Request))
#16 C:\xampp\htdocs\csucsteljesitmeny\vendor\compiled.php(9227): call_user_func(Object(Closure), Object(Illuminate\Http\Request))
#17 C:\xampp\htdocs\csucsteljesitmeny\vendor\compiled.php(7220): Illuminate\Pipeline\Pipeline->then(Object(Closure))
#18 C:\xampp\htdocs\csucsteljesitmeny\vendor\compiled.php(7209): Illuminate\Routing\Router->runRouteWithinStack(Object(Illuminate\Routing\Route), Object(Illuminate\Http\Request))
#19 C:\xampp\htdocs\csucsteljesitmeny\vendor\compiled.php(7194): Illuminate\Routing\Router->dispatchToRoute(Object(Illuminate\Http\Request))
#20 C:\xampp\htdocs\csucsteljesitmeny\vendor\compiled.php(2040): Illuminate\Routing\Router->dispatch(Object(Illuminate\Http\Request))
#21 [internal function]: Illuminate\Foundation\Http\Kernel->Illuminate\Foundation\Http\{closure}(Object(Illuminate\Http\Request))
#22 C:\xampp\htdocs\csucsteljesitmeny\vendor\compiled.php(9244): call_user_func(Object(Closure), Object(Illuminate\Http\Request))
#23 C:\xampp\htdocs\csucsteljesitmeny\vendor\lucadegasperi\oauth2-server-laravel\src\Middleware\OAuthExceptionHandlerMiddleware.php(19): Illuminate\Pipeline\Pipeline->Illuminate\Pipeline\{closure}(Object(Illuminate\Http\Request))
#24 C:\xampp\htdocs\csucsteljesitmeny\vendor\compiled.php(9236): LucaDegasperi\OAuth2Server\Middleware\OAuthExceptionHandlerMiddleware->handle(Object(Illuminate\Http\Request), Object(Closure))
#25 C:\xampp\htdocs\csucsteljesitmeny\vendor\compiled.php(12416): Illuminate\Pipeline\Pipeline->Illuminate\Pipeline\{closure}(Object(Illuminate\Http\Request))
#26 C:\xampp\htdocs\csucsteljesitmeny\vendor\compiled.php(9236): Illuminate\View\Middleware\ShareErrorsFromSession->handle(Object(Illuminate\Http\Request), Object(Closure))
#27 C:\xampp\htdocs\csucsteljesitmeny\vendor\compiled.php(11106): Illuminate\Pipeline\Pipeline->Illuminate\Pipeline\{closure}(Object(Illuminate\Http\Request))
#28 C:\xampp\htdocs\csucsteljesitmeny\vendor\compiled.php(9236): Illuminate\Session\Middleware\StartSession->handle(Object(Illuminate\Http\Request), Object(Closure))
#29 C:\xampp\htdocs\csucsteljesitmeny\vendor\compiled.php(12118): Illuminate\Pipeline\Pipeline->Illuminate\Pipeline\{closure}(Object(Illuminate\Http\Request))
#30 C:\xampp\htdocs\csucsteljesitmeny\vendor\compiled.php(9236): Illuminate\Cookie\Middleware\AddQueuedCookiesToResponse->handle(Object(Illuminate\Http\Request), Object(Closure))
#31 C:\xampp\htdocs\csucsteljesitmeny\vendor\compiled.php(12066): Illuminate\Pipeline\Pipeline->Illuminate\Pipeline\{closure}(Object(Illuminate\Http\Request))
#32 C:\xampp\htdocs\csucsteljesitmeny\vendor\compiled.php(9236): Illuminate\Cookie\Middleware\EncryptCookies->handle(Object(Illuminate\Http\Request), Object(Closure))
#33 C:\xampp\htdocs\csucsteljesitmeny\vendor\compiled.php(2589): Illuminate\Pipeline\Pipeline->Illuminate\Pipeline\{closure}(Object(Illuminate\Http\Request))
#34 C:\xampp\htdocs\csucsteljesitmeny\vendor\compiled.php(9236): Illuminate\Foundation\Http\Middleware\CheckForMaintenanceMode->handle(Object(Illuminate\Http\Request), Object(Closure))
#35 [internal function]: Illuminate\Pipeline\Pipeline->Illuminate\Pipeline\{closure}(Object(Illuminate\Http\Request))
#36 C:\xampp\htdocs\csucsteljesitmeny\vendor\compiled.php(9227): call_user_func(Object(Closure), Object(Illuminate\Http\Request))
#37 C:\xampp\htdocs\csucsteljesitmeny\vendor\compiled.php(1996): Illuminate\Pipeline\Pipeline->then(Object(Closure))
#38 C:\xampp\htdocs\csucsteljesitmeny\vendor\compiled.php(1983): Illuminate\Foundation\Http\Kernel->sendRequestThroughRouter(Object(Illuminate\Http\Request))
#39 C:\xampp\htdocs\csucsteljesitmeny\public\index.php(55): Illuminate\Foundation\Http\Kernel->handle(Object(Illuminate\Http\Request))
#40 C:\xampp\htdocs\csucsteljesitmeny\server.php(21): require_once('C:\\xampp\\htdocs...')
#41 {main}  
[2016-08-28 17:02:52] production.ERROR: exception 'ErrorException' with message 'include(C:\xampp\htdocs\csucsteljesitmeny\vendor\composer/../../app/Http/Controllers/LoginAndRegistration/UserController.php): failed to open stream: No such file or directory' in C:\xampp\htdocs\csucsteljesitmeny\vendor\composer\ClassLoader.php:412
Stack trace:
#0 C:\xampp\htdocs\csucsteljesitmeny\vendor\composer\ClassLoader.php(412): Illuminate\Foundation\Bootstrap\HandleExceptions->handleError(2, 'include(C:\\xamp...', 'C:\\xampp\\htdocs...', 412, Array)
#1 C:\xampp\htdocs\csucsteljesitmeny\vendor\composer\ClassLoader.php(412): Composer\Autoload\includeFile()
#2 C:\xampp\htdocs\csucsteljesitmeny\vendor\composer\ClassLoader.php(301): Composer\Autoload\includeFile('C:\\xampp\\htdocs...')
#3 [internal function]: Composer\Autoload\ClassLoader->loadClass('App\\Http\\Contro...')
#4 [internal function]: spl_autoload_call('App\\Http\\Contro...')
#5 C:\xampp\htdocs\csucsteljesitmeny\vendor\compiled.php(1068): ReflectionClass->__construct('App\\Http\\Contro...')
#6 C:\xampp\htdocs\csucsteljesitmeny\vendor\compiled.php(1019): Illuminate\Container\Container->build('App\\Http\\Contro...', Array)
#7 C:\xampp\htdocs\csucsteljesitmeny\vendor\compiled.php(1543): Illuminate\Container\Container->make('App\\Http\\Contro...', Array)
#8 C:\xampp\htdocs\csucsteljesitmeny\vendor\compiled.php(8599): Illuminate\Foundation\Application->make('App\\Http\\Contro...')
#9 C:\xampp\htdocs\csucsteljesitmeny\vendor\compiled.php(8588): Illuminate\Routing\ControllerDispatcher->makeController('App\\Http\\Contro...')
#10 C:\xampp\htdocs\csucsteljesitmeny\vendor\compiled.php(7583): Illuminate\Routing\ControllerDispatcher->dispatch(Object(Illuminate\Routing\Route), Object(Illuminate\Http\Request), 'App\\Http\\Contro...', 'registerUser')
#11 C:\xampp\htdocs\csucsteljesitmeny\vendor\compiled.php(7554): Illuminate\Routing\Route->runWithCustomDispatcher(Object(Illuminate\Http\Request))
#12 C:\xampp\htdocs\csucsteljesitmeny\vendor\compiled.php(7219): Illuminate\Routing\Route->run(Object(Illuminate\Http\Request))
#13 [internal function]: Illuminate\Routing\Router->Illuminate\Routing\{closure}(Object(Illuminate\Http\Request))
#14 C:\xampp\htdocs\csucsteljesitmeny\vendor\compiled.php(9244): call_user_func(Object(Closure), Object(Illuminate\Http\Request))
#15 [internal function]: Illuminate\Pipeline\Pipeline->Illuminate\Pipeline\{closure}(Object(Illuminate\Http\Request))
#16 C:\xampp\htdocs\csucsteljesitmeny\vendor\compiled.php(9227): call_user_func(Object(Closure), Object(Illuminate\Http\Request))
#17 C:\xampp\htdocs\csucsteljesitmeny\vendor\compiled.php(7220): Illuminate\Pipeline\Pipeline->then(Object(Closure))
#18 C:\xampp\htdocs\csucsteljesitmeny\vendor\compiled.php(7209): Illuminate\Routing\Router->runRouteWithinStack(Object(Illuminate\Routing\Route), Object(Illuminate\Http\Request))
#19 C:\xampp\htdocs\csucsteljesitmeny\vendor\compiled.php(7194): Illuminate\Routing\Router->dispatchToRoute(Object(Illuminate\Http\Request))
#20 C:\xampp\htdocs\csucsteljesitmeny\vendor\compiled.php(2040): Illuminate\Routing\Router->dispatch(Object(Illuminate\Http\Request))
#21 [internal function]: Illuminate\Foundation\Http\Kernel->Illuminate\Foundation\Http\{closure}(Object(Illuminate\Http\Request))
#22 C:\xampp\htdocs\csucsteljesitmeny\vendor\compiled.php(9244): call_user_func(Object(Closure), Object(Illuminate\Http\Request))
#23 C:\xampp\htdocs\csucsteljesitmeny\vendor\lucadegasperi\oauth2-server-laravel\src\Middleware\OAuthExceptionHandlerMiddleware.php(19): Illuminate\Pipeline\Pipeline->Illuminate\Pipeline\{closure}(Object(Illuminate\Http\Request))
#24 C:\xampp\htdocs\csucsteljesitmeny\vendor\compiled.php(9236): LucaDegasperi\OAuth2Server\Middleware\OAuthExceptionHandlerMiddleware->handle(Object(Illuminate\Http\Request), Object(Closure))
#25 C:\xampp\htdocs\csucsteljesitmeny\vendor\compiled.php(12416): Illuminate\Pipeline\Pipeline->Illuminate\Pipeline\{closure}(Object(Illuminate\Http\Request))
#26 C:\xampp\htdocs\csucsteljesitmeny\vendor\compiled.php(9236): Illuminate\View\Middleware\ShareErrorsFromSession->handle(Object(Illuminate\Http\Request), Object(Closure))
#27 C:\xampp\htdocs\csucsteljesitmeny\vendor\compiled.php(11106): Illuminate\Pipeline\Pipeline->Illuminate\Pipeline\{closure}(Object(Illuminate\Http\Request))
#28 C:\xampp\htdocs\csucsteljesitmeny\vendor\compiled.php(9236): Illuminate\Session\Middleware\StartSession->handle(Object(Illuminate\Http\Request), Object(Closure))
#29 C:\xampp\htdocs\csucsteljesitmeny\vendor\compiled.php(12118): Illuminate\Pipeline\Pipeline->Illuminate\Pipeline\{closure}(Object(Illuminate\Http\Request))
#30 C:\xampp\htdocs\csucsteljesitmeny\vendor\compiled.php(9236): Illuminate\Cookie\Middleware\AddQueuedCookiesToResponse->handle(Object(Illuminate\Http\Request), Object(Closure))
#31 C:\xampp\htdocs\csucsteljesitmeny\vendor\compiled.php(12066): Illuminate\Pipeline\Pipeline->Illuminate\Pipeline\{closure}(Object(Illuminate\Http\Request))
#32 C:\xampp\htdocs\csucsteljesitmeny\vendor\compiled.php(9236): Illuminate\Cookie\Middleware\EncryptCookies->handle(Object(Illuminate\Http\Request), Object(Closure))
#33 C:\xampp\htdocs\csucsteljesitmeny\vendor\compiled.php(2589): Illuminate\Pipeline\Pipeline->Illuminate\Pipeline\{closure}(Object(Illuminate\Http\Request))
#34 C:\xampp\htdocs\csucsteljesitmeny\vendor\compiled.php(9236): Illuminate\Foundation\Http\Middleware\CheckForMaintenanceMode->handle(Object(Illuminate\Http\Request), Object(Closure))
#35 [internal function]: Illuminate\Pipeline\Pipeline->Illuminate\Pipeline\{closure}(Object(Illuminate\Http\Request))
#36 C:\xampp\htdocs\csucsteljesitmeny\vendor\compiled.php(9227): call_user_func(Object(Closure), Object(Illuminate\Http\Request))
#37 C:\xampp\htdocs\csucsteljesitmeny\vendor\compiled.php(1996): Illuminate\Pipeline\Pipeline->then(Object(Closure))
#38 C:\xampp\htdocs\csucsteljesitmeny\vendor\compiled.php(1983): Illuminate\Foundation\Http\Kernel->sendRequestThroughRouter(Object(Illuminate\Http\Request))
#39 C:\xampp\htdocs\csucsteljesitmeny\public\index.php(55): Illuminate\Foundation\Http\Kernel->handle(Object(Illuminate\Http\Request))
#40 C:\xampp\htdocs\csucsteljesitmeny\server.php(21): require_once('C:\\xampp\\htdocs...')
#41 {main}  
[2016-08-28 17:05:22] production.ERROR: exception 'ReflectionException' with message 'Class App\Http\Controllers\UserHandler\UserController does not exist' in C:\xampp\htdocs\csucsteljesitmeny\vendor\compiled.php:1068
Stack trace:
#0 C:\xampp\htdocs\csucsteljesitmeny\vendor\compiled.php(1068): ReflectionClass->__construct('App\\Http\\Contro...')
#1 C:\xampp\htdocs\csucsteljesitmeny\vendor\compiled.php(1019): Illuminate\Container\Container->build('App\\Http\\Contro...', Array)
#2 C:\xampp\htdocs\csucsteljesitmeny\vendor\compiled.php(1543): Illuminate\Container\Container->make('App\\Http\\Contro...', Array)
#3 C:\xampp\htdocs\csucsteljesitmeny\vendor\compiled.php(8599): Illuminate\Foundation\Application->make('App\\Http\\Contro...')
#4 C:\xampp\htdocs\csucsteljesitmeny\vendor\compiled.php(8588): Illuminate\Routing\ControllerDispatcher->makeController('App\\Http\\Contro...')
#5 C:\xampp\htdocs\csucsteljesitmeny\vendor\compiled.php(7583): Illuminate\Routing\ControllerDispatcher->dispatch(Object(Illuminate\Routing\Route), Object(Illuminate\Http\Request), 'App\\Http\\Contro...', 'registerUser')
#6 C:\xampp\htdocs\csucsteljesitmeny\vendor\compiled.php(7554): Illuminate\Routing\Route->runWithCustomDispatcher(Object(Illuminate\Http\Request))
#7 C:\xampp\htdocs\csucsteljesitmeny\vendor\compiled.php(7219): Illuminate\Routing\Route->run(Object(Illuminate\Http\Request))
#8 [internal function]: Illuminate\Routing\Router->Illuminate\Routing\{closure}(Object(Illuminate\Http\Request))
#9 C:\xampp\htdocs\csucsteljesitmeny\vendor\compiled.php(9244): call_user_func(Object(Closure), Object(Illuminate\Http\Request))
#10 [internal function]: Illuminate\Pipeline\Pipeline->Illuminate\Pipeline\{closure}(Object(Illuminate\Http\Request))
#11 C:\xampp\htdocs\csucsteljesitmeny\vendor\compiled.php(9227): call_user_func(Object(Closure), Object(Illuminate\Http\Request))
#12 C:\xampp\htdocs\csucsteljesitmeny\vendor\compiled.php(7220): Illuminate\Pipeline\Pipeline->then(Object(Closure))
#13 C:\xampp\htdocs\csucsteljesitmeny\vendor\compiled.php(7209): Illuminate\Routing\Router->runRouteWithinStack(Object(Illuminate\Routing\Route), Object(Illuminate\Http\Request))
#14 C:\xampp\htdocs\csucsteljesitmeny\vendor\compiled.php(7194): Illuminate\Routing\Router->dispatchToRoute(Object(Illuminate\Http\Request))
#15 C:\xampp\htdocs\csucsteljesitmeny\vendor\compiled.php(2040): Illuminate\Routing\Router->dispatch(Object(Illuminate\Http\Request))
#16 [internal function]: Illuminate\Foundation\Http\Kernel->Illuminate\Foundation\Http\{closure}(Object(Illuminate\Http\Request))
#17 C:\xampp\htdocs\csucsteljesitmeny\vendor\compiled.php(9244): call_user_func(Object(Closure), Object(Illuminate\Http\Request))
#18 C:\xampp\htdocs\csucsteljesitmeny\vendor\lucadegasperi\oauth2-server-laravel\src\Middleware\OAuthExceptionHandlerMiddleware.php(19): Illuminate\Pipeline\Pipeline->Illuminate\Pipeline\{closure}(Object(Illuminate\Http\Request))
#19 C:\xampp\htdocs\csucsteljesitmeny\vendor\compiled.php(9236): LucaDegasperi\OAuth2Server\Middleware\OAuthExceptionHandlerMiddleware->handle(Object(Illuminate\Http\Request), Object(Closure))
#20 C:\xampp\htdocs\csucsteljesitmeny\vendor\compiled.php(12416): Illuminate\Pipeline\Pipeline->Illuminate\Pipeline\{closure}(Object(Illuminate\Http\Request))
#21 C:\xampp\htdocs\csucsteljesitmeny\vendor\compiled.php(9236): Illuminate\View\Middleware\ShareErrorsFromSession->handle(Object(Illuminate\Http\Request), Object(Closure))
#22 C:\xampp\htdocs\csucsteljesitmeny\vendor\compiled.php(11106): Illuminate\Pipeline\Pipeline->Illuminate\Pipeline\{closure}(Object(Illuminate\Http\Request))
#23 C:\xampp\htdocs\csucsteljesitmeny\vendor\compiled.php(9236): Illuminate\Session\Middleware\StartSession->handle(Object(Illuminate\Http\Request), Object(Closure))
#24 C:\xampp\htdocs\csucsteljesitmeny\vendor\compiled.php(12118): Illuminate\Pipeline\Pipeline->Illuminate\Pipeline\{closure}(Object(Illuminate\Http\Request))
#25 C:\xampp\htdocs\csucsteljesitmeny\vendor\compiled.php(9236): Illuminate\Cookie\Middleware\AddQueuedCookiesToResponse->handle(Object(Illuminate\Http\Request), Object(Closure))
#26 C:\xampp\htdocs\csucsteljesitmeny\vendor\compiled.php(12066): Illuminate\Pipeline\Pipeline->Illuminate\Pipeline\{closure}(Object(Illuminate\Http\Request))
#27 C:\xampp\htdocs\csucsteljesitmeny\vendor\compiled.php(9236): Illuminate\Cookie\Middleware\EncryptCookies->handle(Object(Illuminate\Http\Request), Object(Closure))
#28 C:\xampp\htdocs\csucsteljesitmeny\vendor\compiled.php(2589): Illuminate\Pipeline\Pipeline->Illuminate\Pipeline\{closure}(Object(Illuminate\Http\Request))
#29 C:\xampp\htdocs\csucsteljesitmeny\vendor\compiled.php(9236): Illuminate\Foundation\Http\Middleware\CheckForMaintenanceMode->handle(Object(Illuminate\Http\Request), Object(Closure))
#30 [internal function]: Illuminate\Pipeline\Pipeline->Illuminate\Pipeline\{closure}(Object(Illuminate\Http\Request))
#31 C:\xampp\htdocs\csucsteljesitmeny\vendor\compiled.php(9227): call_user_func(Object(Closure), Object(Illuminate\Http\Request))
#32 C:\xampp\htdocs\csucsteljesitmeny\vendor\compiled.php(1996): Illuminate\Pipeline\Pipeline->then(Object(Closure))
#33 C:\xampp\htdocs\csucsteljesitmeny\vendor\compiled.php(1983): Illuminate\Foundation\Http\Kernel->sendRequestThroughRouter(Object(Illuminate\Http\Request))
#34 C:\xampp\htdocs\csucsteljesitmeny\public\index.php(55): Illuminate\Foundation\Http\Kernel->handle(Object(Illuminate\Http\Request))
#35 C:\xampp\htdocs\csucsteljesitmeny\server.php(21): require_once('C:\\xampp\\htdocs...')
#36 {main}  
