[2016-08-24 19:59:20] production.ERROR: exception 'RuntimeException' with message 'The "-p" option does not exist.' in C:\xampp\htdocs\csucsteljesitmeny\vendor\symfony\console\Symfony\Component\Console\Input\ArgvInput.php:196
Stack trace:
#0 C:\xampp\htdocs\csucsteljesitmeny\vendor\symfony\console\Symfony\Component\Console\Input\ArgvInput.php(112): Symfony\Component\Console\Input\ArgvInput->addShortOption('p', NULL)
#1 C:\xampp\htdocs\csucsteljesitmeny\vendor\symfony\console\Symfony\Component\Console\Input\ArgvInput.php(88): Symfony\Component\Console\Input\ArgvInput->parseShortOption('-p')
#2 C:\xampp\htdocs\csucsteljesitmeny\vendor\symfony\console\Symfony\Component\Console\Input\Input.php(61): Symfony\Component\Console\Input\ArgvInput->parse()
#3 C:\xampp\htdocs\csucsteljesitmeny\vendor\symfony\console\Symfony\Component\Console\Command\Command.php(229): Symfony\Component\Console\Input\Input->bind(Object(Symfony\Component\Console\Input\InputDefinition))
#4 C:\xampp\htdocs\csucsteljesitmeny\vendor\laravel\framework\src\Illuminate\Console\Command.php(101): Symfony\Component\Console\Command\Command->run(Object(Symfony\Component\Console\Input\ArgvInput), Object(Symfony\Component\Console\Output\ConsoleOutput))
#5 C:\xampp\htdocs\csucsteljesitmeny\vendor\symfony\console\Symfony\Component\Console\Application.php(874): Illuminate\Console\Command->run(Object(Symfony\Component\Console\Input\ArgvInput), Object(Symfony\Component\Console\Output\ConsoleOutput))
#6 C:\xampp\htdocs\csucsteljesitmeny\vendor\symfony\console\Symfony\Component\Console\Application.php(195): Symfony\Component\Console\Application->doRunCommand(Object(Illuminate\Foundation\Console\ServeCommand), Object(Symfony\Component\Console\Input\ArgvInput), Object(Symfony\Component\Console\Output\ConsoleOutput))
#7 C:\xampp\htdocs\csucsteljesitmeny\vendor\symfony\console\Symfony\Component\Console\Application.php(126): Symfony\Component\Console\Application->doRun(Object(Symfony\Component\Console\Input\ArgvInput), Object(Symfony\Component\Console\Output\ConsoleOutput))
#8 C:\xampp\htdocs\csucsteljesitmeny\vendor\laravel\framework\src\Illuminate\Foundation\Console\Kernel.php(94): Symfony\Component\Console\Application->run(Object(Symfony\Component\Console\Input\ArgvInput), Object(Symfony\Component\Console\Output\ConsoleOutput))
#9 C:\xampp\htdocs\csucsteljesitmeny\artisan(36): Illuminate\Foundation\Console\Kernel->handle(Object(Symfony\Component\Console\Input\ArgvInput), Object(Symfony\Component\Console\Output\ConsoleOutput))
#10 {main}  
[2016-08-24 19:59:42] production.ERROR: exception 'PDOException' with message 'SQLSTATE[HY000] [1044] Access denied for user ''@'localhost' to database 'forge'' in C:\xampp\htdocs\csucsteljesitmeny\vendor\laravel\framework\src\Illuminate\Database\Connectors\Connector.php:47
Stack trace:
#0 C:\xampp\htdocs\csucsteljesitmeny\vendor\laravel\framework\src\Illuminate\Database\Connectors\Connector.php(47): PDO->__construct('mysql:host=loca...', 'forge', '', Array)
#1 C:\xampp\htdocs\csucsteljesitmeny\vendor\laravel\framework\src\Illuminate\Database\Connectors\MySqlConnector.php(20): Illuminate\Database\Connectors\Connector->createConnection('mysql:host=loca...', Array, Array)
#2 C:\xampp\htdocs\csucsteljesitmeny\vendor\compiled.php(10992): Illuminate\Database\Connectors\MySqlConnector->connect(Array)
#3 C:\xampp\htdocs\csucsteljesitmeny\vendor\compiled.php(10988): Illuminate\Database\Connectors\ConnectionFactory->createSingleConnection(Array)
#4 C:\xampp\htdocs\csucsteljesitmeny\vendor\compiled.php(10904): Illuminate\Database\Connectors\ConnectionFactory->make(Array, 'mysql')
#5 C:\xampp\htdocs\csucsteljesitmeny\vendor\compiled.php(10859): Illuminate\Database\DatabaseManager->makeConnection('mysql')
#6 C:\xampp\htdocs\csucsteljesitmeny\vendor\compiled.php(10953): Illuminate\Database\DatabaseManager->connection()
#7 C:\xampp\htdocs\csucsteljesitmeny\vendor\compiled.php(5484): Illuminate\Database\DatabaseManager->__call('table', Array)
#8 C:\xampp\htdocs\csucsteljesitmeny\vendor\compiled.php(5484): Illuminate\Database\DatabaseManager->table('series')
#9 C:\xampp\htdocs\csucsteljesitmeny\app\Http\Controllers\TextEdit\SeriesController.php(63): Illuminate\Support\Facades\Facade::__callStatic('table', Array)
#10 C:\xampp\htdocs\csucsteljesitmeny\app\Http\Controllers\TextEdit\SeriesController.php(63): Illuminate\Support\Facades\DB::table('series')
#11 [internal function]: App\Http\Controllers\TextEdit\SeriesController->getSeriesWithName()
#12 C:\xampp\htdocs\csucsteljesitmeny\vendor\compiled.php(8558): call_user_func_array(Array, Array)
#13 C:\xampp\htdocs\csucsteljesitmeny\vendor\compiled.php(8626): Illuminate\Routing\Controller->callAction('getSeriesWithNa...', Array)
#14 C:\xampp\htdocs\csucsteljesitmeny\vendor\compiled.php(8605): Illuminate\Routing\ControllerDispatcher->call(Object(App\Http\Controllers\TextEdit\SeriesController), Object(Illuminate\Routing\Route), 'getSeriesWithNa...')
#15 [internal function]: Illuminate\Routing\ControllerDispatcher->Illuminate\Routing\{closure}(Object(Illuminate\Http\Request))
#16 C:\xampp\htdocs\csucsteljesitmeny\vendor\compiled.php(9244): call_user_func(Object(Closure), Object(Illuminate\Http\Request))
#17 [internal function]: Illuminate\Pipeline\Pipeline->Illuminate\Pipeline\{closure}(Object(Illuminate\Http\Request))
#18 C:\xampp\htdocs\csucsteljesitmeny\vendor\compiled.php(9227): call_user_func(Object(Closure), Object(Illuminate\Http\Request))
#19 C:\xampp\htdocs\csucsteljesitmeny\vendor\compiled.php(8606): Illuminate\Pipeline\Pipeline->then(Object(Closure))
#20 C:\xampp\htdocs\csucsteljesitmeny\vendor\compiled.php(8592): Illuminate\Routing\ControllerDispatcher->callWithinStack(Object(App\Http\Controllers\TextEdit\SeriesController), Object(Illuminate\Routing\Route), Object(Illuminate\Http\Request), 'getSeriesWithNa...')
#21 C:\xampp\htdocs\csucsteljesitmeny\vendor\compiled.php(7583): Illuminate\Routing\ControllerDispatcher->dispatch(Object(Illuminate\Routing\Route), Object(Illuminate\Http\Request), 'App\\Http\\Contro...', 'getSeriesWithNa...')
#22 C:\xampp\htdocs\csucsteljesitmeny\vendor\compiled.php(7554): Illuminate\Routing\Route->runWithCustomDispatcher(Object(Illuminate\Http\Request))
#23 C:\xampp\htdocs\csucsteljesitmeny\vendor\compiled.php(7219): Illuminate\Routing\Route->run(Object(Illuminate\Http\Request))
#24 [internal function]: Illuminate\Routing\Router->Illuminate\Routing\{closure}(Object(Illuminate\Http\Request))
#25 C:\xampp\htdocs\csucsteljesitmeny\vendor\compiled.php(9244): call_user_func(Object(Closure), Object(Illuminate\Http\Request))
#26 [internal function]: Illuminate\Pipeline\Pipeline->Illuminate\Pipeline\{closure}(Object(Illuminate\Http\Request))
#27 C:\xampp\htdocs\csucsteljesitmeny\vendor\compiled.php(9227): call_user_func(Object(Closure), Object(Illuminate\Http\Request))
#28 C:\xampp\htdocs\csucsteljesitmeny\vendor\compiled.php(7220): Illuminate\Pipeline\Pipeline->then(Object(Closure))
#29 C:\xampp\htdocs\csucsteljesitmeny\vendor\compiled.php(7209): Illuminate\Routing\Router->runRouteWithinStack(Object(Illuminate\Routing\Route), Object(Illuminate\Http\Request))
#30 C:\xampp\htdocs\csucsteljesitmeny\vendor\compiled.php(7194): Illuminate\Routing\Router->dispatchToRoute(Object(Illuminate\Http\Request))
#31 C:\xampp\htdocs\csucsteljesitmeny\vendor\compiled.php(2040): Illuminate\Routing\Router->dispatch(Object(Illuminate\Http\Request))
#32 [internal function]: Illuminate\Foundation\Http\Kernel->Illuminate\Foundation\Http\{closure}(Object(Illuminate\Http\Request))
#33 C:\xampp\htdocs\csucsteljesitmeny\vendor\compiled.php(9244): call_user_func(Object(Closure), Object(Illuminate\Http\Request))
#34 C:\xampp\htdocs\csucsteljesitmeny\vendor\lucadegasperi\oauth2-server-laravel\src\Middleware\OAuthExceptionHandlerMiddleware.php(19): Illuminate\Pipeline\Pipeline->Illuminate\Pipeline\{closure}(Object(Illuminate\Http\Request))
#35 C:\xampp\htdocs\csucsteljesitmeny\vendor\compiled.php(9236): LucaDegasperi\OAuth2Server\Middleware\OAuthExceptionHandlerMiddleware->handle(Object(Illuminate\Http\Request), Object(Closure))
#36 C:\xampp\htdocs\csucsteljesitmeny\vendor\compiled.php(12416): Illuminate\Pipeline\Pipeline->Illuminate\Pipeline\{closure}(Object(Illuminate\Http\Request))
#37 C:\xampp\htdocs\csucsteljesitmeny\vendor\compiled.php(9236): Illuminate\View\Middleware\ShareErrorsFromSession->handle(Object(Illuminate\Http\Request), Object(Closure))
#38 C:\xampp\htdocs\csucsteljesitmeny\vendor\compiled.php(11106): Illuminate\Pipeline\Pipeline->Illuminate\Pipeline\{closure}(Object(Illuminate\Http\Request))
#39 C:\xampp\htdocs\csucsteljesitmeny\vendor\compiled.php(9236): Illuminate\Session\Middleware\StartSession->handle(Object(Illuminate\Http\Request), Object(Closure))
#40 C:\xampp\htdocs\csucsteljesitmeny\vendor\compiled.php(12118): Illuminate\Pipeline\Pipeline->Illuminate\Pipeline\{closure}(Object(Illuminate\Http\Request))
#41 C:\xampp\htdocs\csucsteljesitmeny\vendor\compiled.php(9236): Illuminate\Cookie\Middleware\AddQueuedCookiesToResponse->handle(Object(Illuminate\Http\Request), Object(Closure))
#42 C:\xampp\htdocs\csucsteljesitmeny\vendor\compiled.php(12066): Illuminate\Pipeline\Pipeline->Illuminate\Pipeline\{closure}(Object(Illuminate\Http\Request))
#43 C:\xampp\htdocs\csucsteljesitmeny\vendor\compiled.php(9236): Illuminate\Cookie\Middleware\EncryptCookies->handle(Object(Illuminate\Http\Request), Object(Closure))
#44 C:\xampp\htdocs\csucsteljesitmeny\vendor\compiled.php(2589): Illuminate\Pipeline\Pipeline->Illuminate\Pipeline\{closure}(Object(Illuminate\Http\Request))
#45 C:\xampp\htdocs\csucsteljesitmeny\vendor\compiled.php(9236): Illuminate\Foundation\Http\Middleware\CheckForMaintenanceMode->handle(Object(Illuminate\Http\Request), Object(Closure))
#46 [internal function]: Illuminate\Pipeline\Pipeline->Illuminate\Pipeline\{closure}(Object(Illuminate\Http\Request))
#47 C:\xampp\htdocs\csucsteljesitmeny\vendor\compiled.php(9227): call_user_func(Object(Closure), Object(Illuminate\Http\Request))
#48 C:\xampp\htdocs\csucsteljesitmeny\vendor\compiled.php(1996): Illuminate\Pipeline\Pipeline->then(Object(Closure))
#49 C:\xampp\htdocs\csucsteljesitmeny\vendor\compiled.php(1983): Illuminate\Foundation\Http\Kernel->sendRequestThroughRouter(Object(Illuminate\Http\Request))
#50 C:\xampp\htdocs\csucsteljesitmeny\public\index.php(55): Illuminate\Foundation\Http\Kernel->handle(Object(Illuminate\Http\Request))
#51 C:\xampp\htdocs\csucsteljesitmeny\server.php(21): require_once('C:\\xampp\\htdocs...')
#52 {main}  
[2016-08-24 19:59:42] production.ERROR: exception 'PDOException' with message 'SQLSTATE[HY000] [1044] Access denied for user ''@'localhost' to database 'forge'' in C:\xampp\htdocs\csucsteljesitmeny\vendor\laravel\framework\src\Illuminate\Database\Connectors\Connector.php:47
Stack trace:
#0 C:\xampp\htdocs\csucsteljesitmeny\vendor\laravel\framework\src\Illuminate\Database\Connectors\Connector.php(47): PDO->__construct('mysql:host=loca...', 'forge', '', Array)
#1 C:\xampp\htdocs\csucsteljesitmeny\vendor\laravel\framework\src\Illuminate\Database\Connectors\MySqlConnector.php(20): Illuminate\Database\Connectors\Connector->createConnection('mysql:host=loca...', Array, Array)
#2 C:\xampp\htdocs\csucsteljesitmeny\vendor\compiled.php(10992): Illuminate\Database\Connectors\MySqlConnector->connect(Array)
#3 C:\xampp\htdocs\csucsteljesitmeny\vendor\compiled.php(10988): Illuminate\Database\Connectors\ConnectionFactory->createSingleConnection(Array)
#4 C:\xampp\htdocs\csucsteljesitmeny\vendor\compiled.php(10904): Illuminate\Database\Connectors\ConnectionFactory->make(Array, 'mysql')
#5 C:\xampp\htdocs\csucsteljesitmeny\vendor\compiled.php(10859): Illuminate\Database\DatabaseManager->makeConnection('mysql')
#6 C:\xampp\htdocs\csucsteljesitmeny\vendor\compiled.php(10737): Illuminate\Database\DatabaseManager->connection(NULL)
#7 C:\xampp\htdocs\csucsteljesitmeny\vendor\compiled.php(10724): Illuminate\Database\Eloquent\Model::resolveConnection(NULL)
#8 C:\xampp\htdocs\csucsteljesitmeny\vendor\compiled.php(10213): Illuminate\Database\Eloquent\Model->getConnection()
#9 C:\xampp\htdocs\csucsteljesitmeny\vendor\compiled.php(10190): Illuminate\Database\Eloquent\Model->newBaseQueryBuilder()
#10 C:\xampp\htdocs\csucsteljesitmeny\vendor\compiled.php(10180): Illuminate\Database\Eloquent\Model->newQueryWithoutScopes()
#11 C:\xampp\htdocs\csucsteljesitmeny\vendor\compiled.php(10821): Illuminate\Database\Eloquent\Model->newQuery()
#12 [internal function]: Illuminate\Database\Eloquent\Model->__call('where', Array)
#13 [internal function]: App\Models\Others->where('type', 'words')
#14 C:\xampp\htdocs\csucsteljesitmeny\vendor\compiled.php(10827): call_user_func_array(Array, Array)
#15 C:\xampp\htdocs\csucsteljesitmeny\app\Http\Controllers\TextEdit\TextEditController.php(14): Illuminate\Database\Eloquent\Model::__callStatic('where', Array)
#16 C:\xampp\htdocs\csucsteljesitmeny\app\Http\Controllers\TextEdit\TextEditController.php(14): App\Models\Others::where('type', 'words')
#17 [internal function]: App\Http\Controllers\TextEdit\TextEditController->getText('words')
#18 C:\xampp\htdocs\csucsteljesitmeny\vendor\compiled.php(8558): call_user_func_array(Array, Array)
#19 C:\xampp\htdocs\csucsteljesitmeny\vendor\compiled.php(8626): Illuminate\Routing\Controller->callAction('getText', Array)
#20 C:\xampp\htdocs\csucsteljesitmeny\vendor\compiled.php(8605): Illuminate\Routing\ControllerDispatcher->call(Object(App\Http\Controllers\TextEdit\TextEditController), Object(Illuminate\Routing\Route), 'getText')
#21 [internal function]: Illuminate\Routing\ControllerDispatcher->Illuminate\Routing\{closure}(Object(Illuminate\Http\Request))
#22 C:\xampp\htdocs\csucsteljesitmeny\vendor\compiled.php(9244): call_user_func(Object(Closure), Object(Illuminate\Http\Request))
#23 [internal function]: Illuminate\Pipeline\Pipeline->Illuminate\Pipeline\{closure}(Object(Illuminate\Http\Request))
#24 C:\xampp\htdocs\csucsteljesitmeny\vendor\compiled.php(9227): call_user_func(Object(Closure), Object(Illuminate\Http\Request))
#25 C:\xampp\htdocs\csucsteljesitmeny\vendor\compiled.php(8606): Illuminate\Pipeline\Pipeline->then(Object(Closure))
#26 C:\xampp\htdocs\csucsteljesitmeny\vendor\compiled.php(8592): Illuminate\Routing\ControllerDispatcher->callWithinStack(Object(App\Http\Controllers\TextEdit\TextEditController), Object(Illuminate\Routing\Route), Object(Illuminate\Http\Request), 'getText')
#27 C:\xampp\htdocs\csucsteljesitmeny\vendor\compiled.php(7583): Illuminate\Routing\ControllerDispatcher->dispatch(Object(Illuminate\Routing\Route), Object(Illuminate\Http\Request), 'App\\Http\\Contro...', 'getText')
#28 C:\xampp\htdocs\csucsteljesitmeny\vendor\compiled.php(7554): Illuminate\Routing\Route->runWithCustomDispatcher(Object(Illuminate\Http\Request))
#29 C:\xampp\htdocs\csucsteljesitmeny\vendor\compiled.php(7219): Illuminate\Routing\Route->run(Object(Illuminate\Http\Request))
#30 [internal function]: Illuminate\Routing\Router->Illuminate\Routing\{closure}(Object(Illuminate\Http\Request))
#31 C:\xampp\htdocs\csucsteljesitmeny\vendor\compiled.php(9244): call_user_func(Object(Closure), Object(Illuminate\Http\Request))
#32 [internal function]: Illuminate\Pipeline\Pipeline->Illuminate\Pipeline\{closure}(Object(Illuminate\Http\Request))
#33 C:\xampp\htdocs\csucsteljesitmeny\vendor\compiled.php(9227): call_user_func(Object(Closure), Object(Illuminate\Http\Request))
#34 C:\xampp\htdocs\csucsteljesitmeny\vendor\compiled.php(7220): Illuminate\Pipeline\Pipeline->then(Object(Closure))
#35 C:\xampp\htdocs\csucsteljesitmeny\vendor\compiled.php(7209): Illuminate\Routing\Router->runRouteWithinStack(Object(Illuminate\Routing\Route), Object(Illuminate\Http\Request))
#36 C:\xampp\htdocs\csucsteljesitmeny\vendor\compiled.php(7194): Illuminate\Routing\Router->dispatchToRoute(Object(Illuminate\Http\Request))
#37 C:\xampp\htdocs\csucsteljesitmeny\vendor\compiled.php(2040): Illuminate\Routing\Router->dispatch(Object(Illuminate\Http\Request))
#38 [internal function]: Illuminate\Foundation\Http\Kernel->Illuminate\Foundation\Http\{closure}(Object(Illuminate\Http\Request))
#39 C:\xampp\htdocs\csucsteljesitmeny\vendor\compiled.php(9244): call_user_func(Object(Closure), Object(Illuminate\Http\Request))
#40 C:\xampp\htdocs\csucsteljesitmeny\vendor\lucadegasperi\oauth2-server-laravel\src\Middleware\OAuthExceptionHandlerMiddleware.php(19): Illuminate\Pipeline\Pipeline->Illuminate\Pipeline\{closure}(Object(Illuminate\Http\Request))
#41 C:\xampp\htdocs\csucsteljesitmeny\vendor\compiled.php(9236): LucaDegasperi\OAuth2Server\Middleware\OAuthExceptionHandlerMiddleware->handle(Object(Illuminate\Http\Request), Object(Closure))
#42 C:\xampp\htdocs\csucsteljesitmeny\vendor\compiled.php(12416): Illuminate\Pipeline\Pipeline->Illuminate\Pipeline\{closure}(Object(Illuminate\Http\Request))
#43 C:\xampp\htdocs\csucsteljesitmeny\vendor\compiled.php(9236): Illuminate\View\Middleware\ShareErrorsFromSession->handle(Object(Illuminate\Http\Request), Object(Closure))
#44 C:\xampp\htdocs\csucsteljesitmeny\vendor\compiled.php(11106): Illuminate\Pipeline\Pipeline->Illuminate\Pipeline\{closure}(Object(Illuminate\Http\Request))
#45 C:\xampp\htdocs\csucsteljesitmeny\vendor\compiled.php(9236): Illuminate\Session\Middleware\StartSession->handle(Object(Illuminate\Http\Request), Object(Closure))
#46 C:\xampp\htdocs\csucsteljesitmeny\vendor\compiled.php(12118): Illuminate\Pipeline\Pipeline->Illuminate\Pipeline\{closure}(Object(Illuminate\Http\Request))
#47 C:\xampp\htdocs\csucsteljesitmeny\vendor\compiled.php(9236): Illuminate\Cookie\Middleware\AddQueuedCookiesToResponse->handle(Object(Illuminate\Http\Request), Object(Closure))
#48 C:\xampp\htdocs\csucsteljesitmeny\vendor\compiled.php(12066): Illuminate\Pipeline\Pipeline->Illuminate\Pipeline\{closure}(Object(Illuminate\Http\Request))
#49 C:\xampp\htdocs\csucsteljesitmeny\vendor\compiled.php(9236): Illuminate\Cookie\Middleware\EncryptCookies->handle(Object(Illuminate\Http\Request), Object(Closure))
#50 C:\xampp\htdocs\csucsteljesitmeny\vendor\compiled.php(2589): Illuminate\Pipeline\Pipeline->Illuminate\Pipeline\{closure}(Object(Illuminate\Http\Request))
#51 C:\xampp\htdocs\csucsteljesitmeny\vendor\compiled.php(9236): Illuminate\Foundation\Http\Middleware\CheckForMaintenanceMode->handle(Object(Illuminate\Http\Request), Object(Closure))
#52 [internal function]: Illuminate\Pipeline\Pipeline->Illuminate\Pipeline\{closure}(Object(Illuminate\Http\Request))
#53 C:\xampp\htdocs\csucsteljesitmeny\vendor\compiled.php(9227): call_user_func(Object(Closure), Object(Illuminate\Http\Request))
#54 C:\xampp\htdocs\csucsteljesitmeny\vendor\compiled.php(1996): Illuminate\Pipeline\Pipeline->then(Object(Closure))
#55 C:\xampp\htdocs\csucsteljesitmeny\vendor\compiled.php(1983): Illuminate\Foundation\Http\Kernel->sendRequestThroughRouter(Object(Illuminate\Http\Request))
#56 C:\xampp\htdocs\csucsteljesitmeny\public\index.php(55): Illuminate\Foundation\Http\Kernel->handle(Object(Illuminate\Http\Request))
#57 C:\xampp\htdocs\csucsteljesitmeny\server.php(21): require_once('C:\\xampp\\htdocs...')
#58 {main}  
[2016-08-24 19:59:43] production.ERROR: exception 'PDOException' with message 'SQLSTATE[HY000] [1044] Access denied for user ''@'localhost' to database 'forge'' in C:\xampp\htdocs\csucsteljesitmeny\vendor\laravel\framework\src\Illuminate\Database\Connectors\Connector.php:47
Stack trace:
#0 C:\xampp\htdocs\csucsteljesitmeny\vendor\laravel\framework\src\Illuminate\Database\Connectors\Connector.php(47): PDO->__construct('mysql:host=loca...', 'forge', '', Array)
#1 C:\xampp\htdocs\csucsteljesitmeny\vendor\laravel\framework\src\Illuminate\Database\Connectors\MySqlConnector.php(20): Illuminate\Database\Connectors\Connector->createConnection('mysql:host=loca...', Array, Array)
#2 C:\xampp\htdocs\csucsteljesitmeny\vendor\compiled.php(10992): Illuminate\Database\Connectors\MySqlConnector->connect(Array)
#3 C:\xampp\htdocs\csucsteljesitmeny\vendor\compiled.php(10988): Illuminate\Database\Connectors\ConnectionFactory->createSingleConnection(Array)
#4 C:\xampp\htdocs\csucsteljesitmeny\vendor\compiled.php(10904): Illuminate\Database\Connectors\ConnectionFactory->make(Array, 'mysql')
#5 C:\xampp\htdocs\csucsteljesitmeny\vendor\compiled.php(10859): Illuminate\Database\DatabaseManager->makeConnection('mysql')
#6 C:\xampp\htdocs\csucsteljesitmeny\vendor\compiled.php(10737): Illuminate\Database\DatabaseManager->connection(NULL)
#7 C:\xampp\htdocs\csucsteljesitmeny\vendor\compiled.php(10724): Illuminate\Database\Eloquent\Model::resolveConnection(NULL)
#8 C:\xampp\htdocs\csucsteljesitmeny\vendor\compiled.php(10213): Illuminate\Database\Eloquent\Model->getConnection()
#9 C:\xampp\htdocs\csucsteljesitmeny\vendor\compiled.php(10190): Illuminate\Database\Eloquent\Model->newBaseQueryBuilder()
#10 C:\xampp\htdocs\csucsteljesitmeny\vendor\compiled.php(10180): Illuminate\Database\Eloquent\Model->newQueryWithoutScopes()
#11 C:\xampp\htdocs\csucsteljesitmeny\vendor\compiled.php(10821): Illuminate\Database\Eloquent\Model->newQuery()
#12 [internal function]: Illuminate\Database\Eloquent\Model->__call('where', Array)
#13 [internal function]: App\Models\Image->where('home', 1)
#14 C:\xampp\htdocs\csucsteljesitmeny\vendor\compiled.php(10827): call_user_func_array(Array, Array)
#15 C:\xampp\htdocs\csucsteljesitmeny\app\Http\Controllers\TextEdit\SeriesController.php(37): Illuminate\Database\Eloquent\Model::__callStatic('where', Array)
#16 C:\xampp\htdocs\csucsteljesitmeny\app\Http\Controllers\TextEdit\SeriesController.php(37): App\Models\Image::where('home', 1)
#17 [internal function]: App\Http\Controllers\TextEdit\SeriesController->getHomePicture()
#18 C:\xampp\htdocs\csucsteljesitmeny\vendor\compiled.php(8558): call_user_func_array(Array, Array)
#19 C:\xampp\htdocs\csucsteljesitmeny\vendor\compiled.php(8626): Illuminate\Routing\Controller->callAction('getHomePicture', Array)
#20 C:\xampp\htdocs\csucsteljesitmeny\vendor\compiled.php(8605): Illuminate\Routing\ControllerDispatcher->call(Object(App\Http\Controllers\TextEdit\SeriesController), Object(Illuminate\Routing\Route), 'getHomePicture')
#21 [internal function]: Illuminate\Routing\ControllerDispatcher->Illuminate\Routing\{closure}(Object(Illuminate\Http\Request))
#22 C:\xampp\htdocs\csucsteljesitmeny\vendor\compiled.php(9244): call_user_func(Object(Closure), Object(Illuminate\Http\Request))
#23 [internal function]: Illuminate\Pipeline\Pipeline->Illuminate\Pipeline\{closure}(Object(Illuminate\Http\Request))
#24 C:\xampp\htdocs\csucsteljesitmeny\vendor\compiled.php(9227): call_user_func(Object(Closure), Object(Illuminate\Http\Request))
#25 C:\xampp\htdocs\csucsteljesitmeny\vendor\compiled.php(8606): Illuminate\Pipeline\Pipeline->then(Object(Closure))
#26 C:\xampp\htdocs\csucsteljesitmeny\vendor\compiled.php(8592): Illuminate\Routing\ControllerDispatcher->callWithinStack(Object(App\Http\Controllers\TextEdit\SeriesController), Object(Illuminate\Routing\Route), Object(Illuminate\Http\Request), 'getHomePicture')
#27 C:\xampp\htdocs\csucsteljesitmeny\vendor\compiled.php(7583): Illuminate\Routing\ControllerDispatcher->dispatch(Object(Illuminate\Routing\Route), Object(Illuminate\Http\Request), 'App\\Http\\Contro...', 'getHomePicture')
#28 C:\xampp\htdocs\csucsteljesitmeny\vendor\compiled.php(7554): Illuminate\Routing\Route->runWithCustomDispatcher(Object(Illuminate\Http\Request))
#29 C:\xampp\htdocs\csucsteljesitmeny\vendor\compiled.php(7219): Illuminate\Routing\Route->run(Object(Illuminate\Http\Request))
#30 [internal function]: Illuminate\Routing\Router->Illuminate\Routing\{closure}(Object(Illuminate\Http\Request))
#31 C:\xampp\htdocs\csucsteljesitmeny\vendor\compiled.php(9244): call_user_func(Object(Closure), Object(Illuminate\Http\Request))
#32 [internal function]: Illuminate\Pipeline\Pipeline->Illuminate\Pipeline\{closure}(Object(Illuminate\Http\Request))
#33 C:\xampp\htdocs\csucsteljesitmeny\vendor\compiled.php(9227): call_user_func(Object(Closure), Object(Illuminate\Http\Request))
#34 C:\xampp\htdocs\csucsteljesitmeny\vendor\compiled.php(7220): Illuminate\Pipeline\Pipeline->then(Object(Closure))
#35 C:\xampp\htdocs\csucsteljesitmeny\vendor\compiled.php(7209): Illuminate\Routing\Router->runRouteWithinStack(Object(Illuminate\Routing\Route), Object(Illuminate\Http\Request))
#36 C:\xampp\htdocs\csucsteljesitmeny\vendor\compiled.php(7194): Illuminate\Routing\Router->dispatchToRoute(Object(Illuminate\Http\Request))
#37 C:\xampp\htdocs\csucsteljesitmeny\vendor\compiled.php(2040): Illuminate\Routing\Router->dispatch(Object(Illuminate\Http\Request))
#38 [internal function]: Illuminate\Foundation\Http\Kernel->Illuminate\Foundation\Http\{closure}(Object(Illuminate\Http\Request))
#39 C:\xampp\htdocs\csucsteljesitmeny\vendor\compiled.php(9244): call_user_func(Object(Closure), Object(Illuminate\Http\Request))
#40 C:\xampp\htdocs\csucsteljesitmeny\vendor\lucadegasperi\oauth2-server-laravel\src\Middleware\OAuthExceptionHandlerMiddleware.php(19): Illuminate\Pipeline\Pipeline->Illuminate\Pipeline\{closure}(Object(Illuminate\Http\Request))
#41 C:\xampp\htdocs\csucsteljesitmeny\vendor\compiled.php(9236): LucaDegasperi\OAuth2Server\Middleware\OAuthExceptionHandlerMiddleware->handle(Object(Illuminate\Http\Request), Object(Closure))
#42 C:\xampp\htdocs\csucsteljesitmeny\vendor\compiled.php(12416): Illuminate\Pipeline\Pipeline->Illuminate\Pipeline\{closure}(Object(Illuminate\Http\Request))
#43 C:\xampp\htdocs\csucsteljesitmeny\vendor\compiled.php(9236): Illuminate\View\Middleware\ShareErrorsFromSession->handle(Object(Illuminate\Http\Request), Object(Closure))
#44 C:\xampp\htdocs\csucsteljesitmeny\vendor\compiled.php(11106): Illuminate\Pipeline\Pipeline->Illuminate\Pipeline\{closure}(Object(Illuminate\Http\Request))
#45 C:\xampp\htdocs\csucsteljesitmeny\vendor\compiled.php(9236): Illuminate\Session\Middleware\StartSession->handle(Object(Illuminate\Http\Request), Object(Closure))
#46 C:\xampp\htdocs\csucsteljesitmeny\vendor\compiled.php(12118): Illuminate\Pipeline\Pipeline->Illuminate\Pipeline\{closure}(Object(Illuminate\Http\Request))
#47 C:\xampp\htdocs\csucsteljesitmeny\vendor\compiled.php(9236): Illuminate\Cookie\Middleware\AddQueuedCookiesToResponse->handle(Object(Illuminate\Http\Request), Object(Closure))
#48 C:\xampp\htdocs\csucsteljesitmeny\vendor\compiled.php(12066): Illuminate\Pipeline\Pipeline->Illuminate\Pipeline\{closure}(Object(Illuminate\Http\Request))
#49 C:\xampp\htdocs\csucsteljesitmeny\vendor\compiled.php(9236): Illuminate\Cookie\Middleware\EncryptCookies->handle(Object(Illuminate\Http\Request), Object(Closure))
#50 C:\xampp\htdocs\csucsteljesitmeny\vendor\compiled.php(2589): Illuminate\Pipeline\Pipeline->Illuminate\Pipeline\{closure}(Object(Illuminate\Http\Request))
#51 C:\xampp\htdocs\csucsteljesitmeny\vendor\compiled.php(9236): Illuminate\Foundation\Http\Middleware\CheckForMaintenanceMode->handle(Object(Illuminate\Http\Request), Object(Closure))
#52 [internal function]: Illuminate\Pipeline\Pipeline->Illuminate\Pipeline\{closure}(Object(Illuminate\Http\Request))
#53 C:\xampp\htdocs\csucsteljesitmeny\vendor\compiled.php(9227): call_user_func(Object(Closure), Object(Illuminate\Http\Request))
#54 C:\xampp\htdocs\csucsteljesitmeny\vendor\compiled.php(1996): Illuminate\Pipeline\Pipeline->then(Object(Closure))
#55 C:\xampp\htdocs\csucsteljesitmeny\vendor\compiled.php(1983): Illuminate\Foundation\Http\Kernel->sendRequestThroughRouter(Object(Illuminate\Http\Request))
#56 C:\xampp\htdocs\csucsteljesitmeny\public\index.php(55): Illuminate\Foundation\Http\Kernel->handle(Object(Illuminate\Http\Request))
#57 C:\xampp\htdocs\csucsteljesitmeny\server.php(21): require_once('C:\\xampp\\htdocs...')
#58 {main}  
[2016-08-24 19:59:52] production.ERROR: exception 'PDOException' with message 'SQLSTATE[HY000] [1044] Access denied for user ''@'localhost' to database 'forge'' in C:\xampp\htdocs\csucsteljesitmeny\vendor\laravel\framework\src\Illuminate\Database\Connectors\Connector.php:47
Stack trace:
#0 C:\xampp\htdocs\csucsteljesitmeny\vendor\laravel\framework\src\Illuminate\Database\Connectors\Connector.php(47): PDO->__construct('mysql:host=loca...', 'forge', '', Array)
#1 C:\xampp\htdocs\csucsteljesitmeny\vendor\laravel\framework\src\Illuminate\Database\Connectors\MySqlConnector.php(20): Illuminate\Database\Connectors\Connector->createConnection('mysql:host=loca...', Array, Array)
#2 C:\xampp\htdocs\csucsteljesitmeny\vendor\compiled.php(10992): Illuminate\Database\Connectors\MySqlConnector->connect(Array)
#3 C:\xampp\htdocs\csucsteljesitmeny\vendor\compiled.php(10988): Illuminate\Database\Connectors\ConnectionFactory->createSingleConnection(Array)
#4 C:\xampp\htdocs\csucsteljesitmeny\vendor\compiled.php(10904): Illuminate\Database\Connectors\ConnectionFactory->make(Array, 'mysql')
#5 C:\xampp\htdocs\csucsteljesitmeny\vendor\compiled.php(10859): Illuminate\Database\DatabaseManager->makeConnection('mysql')
#6 C:\xampp\htdocs\csucsteljesitmeny\vendor\compiled.php(10953): Illuminate\Database\DatabaseManager->connection()
#7 C:\xampp\htdocs\csucsteljesitmeny\vendor\compiled.php(5484): Illuminate\Database\DatabaseManager->__call('table', Array)
#8 C:\xampp\htdocs\csucsteljesitmeny\vendor\compiled.php(5484): Illuminate\Database\DatabaseManager->table('series')
#9 C:\xampp\htdocs\csucsteljesitmeny\app\Http\Controllers\TextEdit\SeriesController.php(63): Illuminate\Support\Facades\Facade::__callStatic('table', Array)
#10 C:\xampp\htdocs\csucsteljesitmeny\app\Http\Controllers\TextEdit\SeriesController.php(63): Illuminate\Support\Facades\DB::table('series')
#11 [internal function]: App\Http\Controllers\TextEdit\SeriesController->getSeriesWithName()
#12 C:\xampp\htdocs\csucsteljesitmeny\vendor\compiled.php(8558): call_user_func_array(Array, Array)
#13 C:\xampp\htdocs\csucsteljesitmeny\vendor\compiled.php(8626): Illuminate\Routing\Controller->callAction('getSeriesWithNa...', Array)
#14 C:\xampp\htdocs\csucsteljesitmeny\vendor\compiled.php(8605): Illuminate\Routing\ControllerDispatcher->call(Object(App\Http\Controllers\TextEdit\SeriesController), Object(Illuminate\Routing\Route), 'getSeriesWithNa...')
#15 [internal function]: Illuminate\Routing\ControllerDispatcher->Illuminate\Routing\{closure}(Object(Illuminate\Http\Request))
#16 C:\xampp\htdocs\csucsteljesitmeny\vendor\compiled.php(9244): call_user_func(Object(Closure), Object(Illuminate\Http\Request))
#17 [internal function]: Illuminate\Pipeline\Pipeline->Illuminate\Pipeline\{closure}(Object(Illuminate\Http\Request))
#18 C:\xampp\htdocs\csucsteljesitmeny\vendor\compiled.php(9227): call_user_func(Object(Closure), Object(Illuminate\Http\Request))
#19 C:\xampp\htdocs\csucsteljesitmeny\vendor\compiled.php(8606): Illuminate\Pipeline\Pipeline->then(Object(Closure))
#20 C:\xampp\htdocs\csucsteljesitmeny\vendor\compiled.php(8592): Illuminate\Routing\ControllerDispatcher->callWithinStack(Object(App\Http\Controllers\TextEdit\SeriesController), Object(Illuminate\Routing\Route), Object(Illuminate\Http\Request), 'getSeriesWithNa...')
#21 C:\xampp\htdocs\csucsteljesitmeny\vendor\compiled.php(7583): Illuminate\Routing\ControllerDispatcher->dispatch(Object(Illuminate\Routing\Route), Object(Illuminate\Http\Request), 'App\\Http\\Contro...', 'getSeriesWithNa...')
#22 C:\xampp\htdocs\csucsteljesitmeny\vendor\compiled.php(7554): Illuminate\Routing\Route->runWithCustomDispatcher(Object(Illuminate\Http\Request))
#23 C:\xampp\htdocs\csucsteljesitmeny\vendor\compiled.php(7219): Illuminate\Routing\Route->run(Object(Illuminate\Http\Request))
#24 [internal function]: Illuminate\Routing\Router->Illuminate\Routing\{closure}(Object(Illuminate\Http\Request))
#25 C:\xampp\htdocs\csucsteljesitmeny\vendor\compiled.php(9244): call_user_func(Object(Closure), Object(Illuminate\Http\Request))
#26 [internal function]: Illuminate\Pipeline\Pipeline->Illuminate\Pipeline\{closure}(Object(Illuminate\Http\Request))
#27 C:\xampp\htdocs\csucsteljesitmeny\vendor\compiled.php(9227): call_user_func(Object(Closure), Object(Illuminate\Http\Request))
#28 C:\xampp\htdocs\csucsteljesitmeny\vendor\compiled.php(7220): Illuminate\Pipeline\Pipeline->then(Object(Closure))
#29 C:\xampp\htdocs\csucsteljesitmeny\vendor\compiled.php(7209): Illuminate\Routing\Router->runRouteWithinStack(Object(Illuminate\Routing\Route), Object(Illuminate\Http\Request))
#30 C:\xampp\htdocs\csucsteljesitmeny\vendor\compiled.php(7194): Illuminate\Routing\Router->dispatchToRoute(Object(Illuminate\Http\Request))
#31 C:\xampp\htdocs\csucsteljesitmeny\vendor\compiled.php(2040): Illuminate\Routing\Router->dispatch(Object(Illuminate\Http\Request))
#32 [internal function]: Illuminate\Foundation\Http\Kernel->Illuminate\Foundation\Http\{closure}(Object(Illuminate\Http\Request))
#33 C:\xampp\htdocs\csucsteljesitmeny\vendor\compiled.php(9244): call_user_func(Object(Closure), Object(Illuminate\Http\Request))
#34 C:\xampp\htdocs\csucsteljesitmeny\vendor\lucadegasperi\oauth2-server-laravel\src\Middleware\OAuthExceptionHandlerMiddleware.php(19): Illuminate\Pipeline\Pipeline->Illuminate\Pipeline\{closure}(Object(Illuminate\Http\Request))
#35 C:\xampp\htdocs\csucsteljesitmeny\vendor\compiled.php(9236): LucaDegasperi\OAuth2Server\Middleware\OAuthExceptionHandlerMiddleware->handle(Object(Illuminate\Http\Request), Object(Closure))
#36 C:\xampp\htdocs\csucsteljesitmeny\vendor\compiled.php(12416): Illuminate\Pipeline\Pipeline->Illuminate\Pipeline\{closure}(Object(Illuminate\Http\Request))
#37 C:\xampp\htdocs\csucsteljesitmeny\vendor\compiled.php(9236): Illuminate\View\Middleware\ShareErrorsFromSession->handle(Object(Illuminate\Http\Request), Object(Closure))
#38 C:\xampp\htdocs\csucsteljesitmeny\vendor\compiled.php(11106): Illuminate\Pipeline\Pipeline->Illuminate\Pipeline\{closure}(Object(Illuminate\Http\Request))
#39 C:\xampp\htdocs\csucsteljesitmeny\vendor\compiled.php(9236): Illuminate\Session\Middleware\StartSession->handle(Object(Illuminate\Http\Request), Object(Closure))
#40 C:\xampp\htdocs\csucsteljesitmeny\vendor\compiled.php(12118): Illuminate\Pipeline\Pipeline->Illuminate\Pipeline\{closure}(Object(Illuminate\Http\Request))
#41 C:\xampp\htdocs\csucsteljesitmeny\vendor\compiled.php(9236): Illuminate\Cookie\Middleware\AddQueuedCookiesToResponse->handle(Object(Illuminate\Http\Request), Object(Closure))
#42 C:\xampp\htdocs\csucsteljesitmeny\vendor\compiled.php(12066): Illuminate\Pipeline\Pipeline->Illuminate\Pipeline\{closure}(Object(Illuminate\Http\Request))
#43 C:\xampp\htdocs\csucsteljesitmeny\vendor\compiled.php(9236): Illuminate\Cookie\Middleware\EncryptCookies->handle(Object(Illuminate\Http\Request), Object(Closure))
#44 C:\xampp\htdocs\csucsteljesitmeny\vendor\compiled.php(2589): Illuminate\Pipeline\Pipeline->Illuminate\Pipeline\{closure}(Object(Illuminate\Http\Request))
#45 C:\xampp\htdocs\csucsteljesitmeny\vendor\compiled.php(9236): Illuminate\Foundation\Http\Middleware\CheckForMaintenanceMode->handle(Object(Illuminate\Http\Request), Object(Closure))
#46 [internal function]: Illuminate\Pipeline\Pipeline->Illuminate\Pipeline\{closure}(Object(Illuminate\Http\Request))
#47 C:\xampp\htdocs\csucsteljesitmeny\vendor\compiled.php(9227): call_user_func(Object(Closure), Object(Illuminate\Http\Request))
#48 C:\xampp\htdocs\csucsteljesitmeny\vendor\compiled.php(1996): Illuminate\Pipeline\Pipeline->then(Object(Closure))
#49 C:\xampp\htdocs\csucsteljesitmeny\vendor\compiled.php(1983): Illuminate\Foundation\Http\Kernel->sendRequestThroughRouter(Object(Illuminate\Http\Request))
#50 C:\xampp\htdocs\csucsteljesitmeny\public\index.php(55): Illuminate\Foundation\Http\Kernel->handle(Object(Illuminate\Http\Request))
#51 C:\xampp\htdocs\csucsteljesitmeny\server.php(21): require_once('C:\\xampp\\htdocs...')
#52 {main}  
[2016-08-24 19:59:53] production.ERROR: exception 'PDOException' with message 'SQLSTATE[HY000] [1044] Access denied for user ''@'localhost' to database 'forge'' in C:\xampp\htdocs\csucsteljesitmeny\vendor\laravel\framework\src\Illuminate\Database\Connectors\Connector.php:47
Stack trace:
#0 C:\xampp\htdocs\csucsteljesitmeny\vendor\laravel\framework\src\Illuminate\Database\Connectors\Connector.php(47): PDO->__construct('mysql:host=loca...', 'forge', '', Array)
#1 C:\xampp\htdocs\csucsteljesitmeny\vendor\laravel\framework\src\Illuminate\Database\Connectors\MySqlConnector.php(20): Illuminate\Database\Connectors\Connector->createConnection('mysql:host=loca...', Array, Array)
#2 C:\xampp\htdocs\csucsteljesitmeny\vendor\compiled.php(10992): Illuminate\Database\Connectors\MySqlConnector->connect(Array)
#3 C:\xampp\htdocs\csucsteljesitmeny\vendor\compiled.php(10988): Illuminate\Database\Connectors\ConnectionFactory->createSingleConnection(Array)
#4 C:\xampp\htdocs\csucsteljesitmeny\vendor\compiled.php(10904): Illuminate\Database\Connectors\ConnectionFactory->make(Array, 'mysql')
#5 C:\xampp\htdocs\csucsteljesitmeny\vendor\compiled.php(10859): Illuminate\Database\DatabaseManager->makeConnection('mysql')
#6 C:\xampp\htdocs\csucsteljesitmeny\vendor\compiled.php(10737): Illuminate\Database\DatabaseManager->connection(NULL)
#7 C:\xampp\htdocs\csucsteljesitmeny\vendor\compiled.php(10724): Illuminate\Database\Eloquent\Model::resolveConnection(NULL)
#8 C:\xampp\htdocs\csucsteljesitmeny\vendor\compiled.php(10213): Illuminate\Database\Eloquent\Model->getConnection()
#9 C:\xampp\htdocs\csucsteljesitmeny\vendor\compiled.php(10190): Illuminate\Database\Eloquent\Model->newBaseQueryBuilder()
#10 C:\xampp\htdocs\csucsteljesitmeny\vendor\compiled.php(10180): Illuminate\Database\Eloquent\Model->newQueryWithoutScopes()
#11 C:\xampp\htdocs\csucsteljesitmeny\vendor\compiled.php(10821): Illuminate\Database\Eloquent\Model->newQuery()
#12 [internal function]: Illuminate\Database\Eloquent\Model->__call('where', Array)
#13 [internal function]: App\Models\Others->where('type', 'words')
#14 C:\xampp\htdocs\csucsteljesitmeny\vendor\compiled.php(10827): call_user_func_array(Array, Array)
#15 C:\xampp\htdocs\csucsteljesitmeny\app\Http\Controllers\TextEdit\TextEditController.php(14): Illuminate\Database\Eloquent\Model::__callStatic('where', Array)
#16 C:\xampp\htdocs\csucsteljesitmeny\app\Http\Controllers\TextEdit\TextEditController.php(14): App\Models\Others::where('type', 'words')
#17 [internal function]: App\Http\Controllers\TextEdit\TextEditController->getText('words')
#18 C:\xampp\htdocs\csucsteljesitmeny\vendor\compiled.php(8558): call_user_func_array(Array, Array)
#19 C:\xampp\htdocs\csucsteljesitmeny\vendor\compiled.php(8626): Illuminate\Routing\Controller->callAction('getText', Array)
#20 C:\xampp\htdocs\csucsteljesitmeny\vendor\compiled.php(8605): Illuminate\Routing\ControllerDispatcher->call(Object(App\Http\Controllers\TextEdit\TextEditController), Object(Illuminate\Routing\Route), 'getText')
#21 [internal function]: Illuminate\Routing\ControllerDispatcher->Illuminate\Routing\{closure}(Object(Illuminate\Http\Request))
#22 C:\xampp\htdocs\csucsteljesitmeny\vendor\compiled.php(9244): call_user_func(Object(Closure), Object(Illuminate\Http\Request))
#23 [internal function]: Illuminate\Pipeline\Pipeline->Illuminate\Pipeline\{closure}(Object(Illuminate\Http\Request))
#24 C:\xampp\htdocs\csucsteljesitmeny\vendor\compiled.php(9227): call_user_func(Object(Closure), Object(Illuminate\Http\Request))
#25 C:\xampp\htdocs\csucsteljesitmeny\vendor\compiled.php(8606): Illuminate\Pipeline\Pipeline->then(Object(Closure))
#26 C:\xampp\htdocs\csucsteljesitmeny\vendor\compiled.php(8592): Illuminate\Routing\ControllerDispatcher->callWithinStack(Object(App\Http\Controllers\TextEdit\TextEditController), Object(Illuminate\Routing\Route), Object(Illuminate\Http\Request), 'getText')
#27 C:\xampp\htdocs\csucsteljesitmeny\vendor\compiled.php(7583): Illuminate\Routing\ControllerDispatcher->dispatch(Object(Illuminate\Routing\Route), Object(Illuminate\Http\Request), 'App\\Http\\Contro...', 'getText')
#28 C:\xampp\htdocs\csucsteljesitmeny\vendor\compiled.php(7554): Illuminate\Routing\Route->runWithCustomDispatcher(Object(Illuminate\Http\Request))
#29 C:\xampp\htdocs\csucsteljesitmeny\vendor\compiled.php(7219): Illuminate\Routing\Route->run(Object(Illuminate\Http\Request))
#30 [internal function]: Illuminate\Routing\Router->Illuminate\Routing\{closure}(Object(Illuminate\Http\Request))
#31 C:\xampp\htdocs\csucsteljesitmeny\vendor\compiled.php(9244): call_user_func(Object(Closure), Object(Illuminate\Http\Request))
#32 [internal function]: Illuminate\Pipeline\Pipeline->Illuminate\Pipeline\{closure}(Object(Illuminate\Http\Request))
#33 C:\xampp\htdocs\csucsteljesitmeny\vendor\compiled.php(9227): call_user_func(Object(Closure), Object(Illuminate\Http\Request))
#34 C:\xampp\htdocs\csucsteljesitmeny\vendor\compiled.php(7220): Illuminate\Pipeline\Pipeline->then(Object(Closure))
#35 C:\xampp\htdocs\csucsteljesitmeny\vendor\compiled.php(7209): Illuminate\Routing\Router->runRouteWithinStack(Object(Illuminate\Routing\Route), Object(Illuminate\Http\Request))
#36 C:\xampp\htdocs\csucsteljesitmeny\vendor\compiled.php(7194): Illuminate\Routing\Router->dispatchToRoute(Object(Illuminate\Http\Request))
#37 C:\xampp\htdocs\csucsteljesitmeny\vendor\compiled.php(2040): Illuminate\Routing\Router->dispatch(Object(Illuminate\Http\Request))
#38 [internal function]: Illuminate\Foundation\Http\Kernel->Illuminate\Foundation\Http\{closure}(Object(Illuminate\Http\Request))
#39 C:\xampp\htdocs\csucsteljesitmeny\vendor\compiled.php(9244): call_user_func(Object(Closure), Object(Illuminate\Http\Request))
#40 C:\xampp\htdocs\csucsteljesitmeny\vendor\lucadegasperi\oauth2-server-laravel\src\Middleware\OAuthExceptionHandlerMiddleware.php(19): Illuminate\Pipeline\Pipeline->Illuminate\Pipeline\{closure}(Object(Illuminate\Http\Request))
#41 C:\xampp\htdocs\csucsteljesitmeny\vendor\compiled.php(9236): LucaDegasperi\OAuth2Server\Middleware\OAuthExceptionHandlerMiddleware->handle(Object(Illuminate\Http\Request), Object(Closure))
#42 C:\xampp\htdocs\csucsteljesitmeny\vendor\compiled.php(12416): Illuminate\Pipeline\Pipeline->Illuminate\Pipeline\{closure}(Object(Illuminate\Http\Request))
#43 C:\xampp\htdocs\csucsteljesitmeny\vendor\compiled.php(9236): Illuminate\View\Middleware\ShareErrorsFromSession->handle(Object(Illuminate\Http\Request), Object(Closure))
#44 C:\xampp\htdocs\csucsteljesitmeny\vendor\compiled.php(11106): Illuminate\Pipeline\Pipeline->Illuminate\Pipeline\{closure}(Object(Illuminate\Http\Request))
#45 C:\xampp\htdocs\csucsteljesitmeny\vendor\compiled.php(9236): Illuminate\Session\Middleware\StartSession->handle(Object(Illuminate\Http\Request), Object(Closure))
#46 C:\xampp\htdocs\csucsteljesitmeny\vendor\compiled.php(12118): Illuminate\Pipeline\Pipeline->Illuminate\Pipeline\{closure}(Object(Illuminate\Http\Request))
#47 C:\xampp\htdocs\csucsteljesitmeny\vendor\compiled.php(9236): Illuminate\Cookie\Middleware\AddQueuedCookiesToResponse->handle(Object(Illuminate\Http\Request), Object(Closure))
#48 C:\xampp\htdocs\csucsteljesitmeny\vendor\compiled.php(12066): Illuminate\Pipeline\Pipeline->Illuminate\Pipeline\{closure}(Object(Illuminate\Http\Request))
#49 C:\xampp\htdocs\csucsteljesitmeny\vendor\compiled.php(9236): Illuminate\Cookie\Middleware\EncryptCookies->handle(Object(Illuminate\Http\Request), Object(Closure))
#50 C:\xampp\htdocs\csucsteljesitmeny\vendor\compiled.php(2589): Illuminate\Pipeline\Pipeline->Illuminate\Pipeline\{closure}(Object(Illuminate\Http\Request))
#51 C:\xampp\htdocs\csucsteljesitmeny\vendor\compiled.php(9236): Illuminate\Foundation\Http\Middleware\CheckForMaintenanceMode->handle(Object(Illuminate\Http\Request), Object(Closure))
#52 [internal function]: Illuminate\Pipeline\Pipeline->Illuminate\Pipeline\{closure}(Object(Illuminate\Http\Request))
#53 C:\xampp\htdocs\csucsteljesitmeny\vendor\compiled.php(9227): call_user_func(Object(Closure), Object(Illuminate\Http\Request))
#54 C:\xampp\htdocs\csucsteljesitmeny\vendor\compiled.php(1996): Illuminate\Pipeline\Pipeline->then(Object(Closure))
#55 C:\xampp\htdocs\csucsteljesitmeny\vendor\compiled.php(1983): Illuminate\Foundation\Http\Kernel->sendRequestThroughRouter(Object(Illuminate\Http\Request))
#56 C:\xampp\htdocs\csucsteljesitmeny\public\index.php(55): Illuminate\Foundation\Http\Kernel->handle(Object(Illuminate\Http\Request))
#57 C:\xampp\htdocs\csucsteljesitmeny\server.php(21): require_once('C:\\xampp\\htdocs...')
#58 {main}  
[2016-08-24 19:59:53] production.ERROR: exception 'PDOException' with message 'SQLSTATE[HY000] [1044] Access denied for user ''@'localhost' to database 'forge'' in C:\xampp\htdocs\csucsteljesitmeny\vendor\laravel\framework\src\Illuminate\Database\Connectors\Connector.php:47
Stack trace:
#0 C:\xampp\htdocs\csucsteljesitmeny\vendor\laravel\framework\src\Illuminate\Database\Connectors\Connector.php(47): PDO->__construct('mysql:host=loca...', 'forge', '', Array)
#1 C:\xampp\htdocs\csucsteljesitmeny\vendor\laravel\framework\src\Illuminate\Database\Connectors\MySqlConnector.php(20): Illuminate\Database\Connectors\Connector->createConnection('mysql:host=loca...', Array, Array)
#2 C:\xampp\htdocs\csucsteljesitmeny\vendor\compiled.php(10992): Illuminate\Database\Connectors\MySqlConnector->connect(Array)
#3 C:\xampp\htdocs\csucsteljesitmeny\vendor\compiled.php(10988): Illuminate\Database\Connectors\ConnectionFactory->createSingleConnection(Array)
#4 C:\xampp\htdocs\csucsteljesitmeny\vendor\compiled.php(10904): Illuminate\Database\Connectors\ConnectionFactory->make(Array, 'mysql')
#5 C:\xampp\htdocs\csucsteljesitmeny\vendor\compiled.php(10859): Illuminate\Database\DatabaseManager->makeConnection('mysql')
#6 C:\xampp\htdocs\csucsteljesitmeny\vendor\compiled.php(10737): Illuminate\Database\DatabaseManager->connection(NULL)
#7 C:\xampp\htdocs\csucsteljesitmeny\vendor\compiled.php(10724): Illuminate\Database\Eloquent\Model::resolveConnection(NULL)
#8 C:\xampp\htdocs\csucsteljesitmeny\vendor\compiled.php(10213): Illuminate\Database\Eloquent\Model->getConnection()
#9 C:\xampp\htdocs\csucsteljesitmeny\vendor\compiled.php(10190): Illuminate\Database\Eloquent\Model->newBaseQueryBuilder()
#10 C:\xampp\htdocs\csucsteljesitmeny\vendor\compiled.php(10180): Illuminate\Database\Eloquent\Model->newQueryWithoutScopes()
#11 C:\xampp\htdocs\csucsteljesitmeny\vendor\compiled.php(10821): Illuminate\Database\Eloquent\Model->newQuery()
#12 [internal function]: Illuminate\Database\Eloquent\Model->__call('where', Array)
#13 [internal function]: App\Models\Image->where('sold', 0)
#14 C:\xampp\htdocs\csucsteljesitmeny\vendor\compiled.php(10827): call_user_func_array(Array, Array)
#15 C:\xampp\htdocs\csucsteljesitmeny\app\Http\Controllers\TextEdit\SeriesController.php(21): Illuminate\Database\Eloquent\Model::__callStatic('where', Array)
#16 C:\xampp\htdocs\csucsteljesitmeny\app\Http\Controllers\TextEdit\SeriesController.php(21): App\Models\Image::where('sold', 0)
#17 [internal function]: App\Http\Controllers\TextEdit\SeriesController->getAvailables()
#18 C:\xampp\htdocs\csucsteljesitmeny\vendor\compiled.php(8558): call_user_func_array(Array, Array)
#19 C:\xampp\htdocs\csucsteljesitmeny\vendor\compiled.php(8626): Illuminate\Routing\Controller->callAction('getAvailables', Array)
#20 C:\xampp\htdocs\csucsteljesitmeny\vendor\compiled.php(8605): Illuminate\Routing\ControllerDispatcher->call(Object(App\Http\Controllers\TextEdit\SeriesController), Object(Illuminate\Routing\Route), 'getAvailables')
#21 [internal function]: Illuminate\Routing\ControllerDispatcher->Illuminate\Routing\{closure}(Object(Illuminate\Http\Request))
#22 C:\xampp\htdocs\csucsteljesitmeny\vendor\compiled.php(9244): call_user_func(Object(Closure), Object(Illuminate\Http\Request))
#23 [internal function]: Illuminate\Pipeline\Pipeline->Illuminate\Pipeline\{closure}(Object(Illuminate\Http\Request))
#24 C:\xampp\htdocs\csucsteljesitmeny\vendor\compiled.php(9227): call_user_func(Object(Closure), Object(Illuminate\Http\Request))
#25 C:\xampp\htdocs\csucsteljesitmeny\vendor\compiled.php(8606): Illuminate\Pipeline\Pipeline->then(Object(Closure))
#26 C:\xampp\htdocs\csucsteljesitmeny\vendor\compiled.php(8592): Illuminate\Routing\ControllerDispatcher->callWithinStack(Object(App\Http\Controllers\TextEdit\SeriesController), Object(Illuminate\Routing\Route), Object(Illuminate\Http\Request), 'getAvailables')
#27 C:\xampp\htdocs\csucsteljesitmeny\vendor\compiled.php(7583): Illuminate\Routing\ControllerDispatcher->dispatch(Object(Illuminate\Routing\Route), Object(Illuminate\Http\Request), 'App\\Http\\Contro...', 'getAvailables')
#28 C:\xampp\htdocs\csucsteljesitmeny\vendor\compiled.php(7554): Illuminate\Routing\Route->runWithCustomDispatcher(Object(Illuminate\Http\Request))
#29 C:\xampp\htdocs\csucsteljesitmeny\vendor\compiled.php(7219): Illuminate\Routing\Route->run(Object(Illuminate\Http\Request))
#30 [internal function]: Illuminate\Routing\Router->Illuminate\Routing\{closure}(Object(Illuminate\Http\Request))
#31 C:\xampp\htdocs\csucsteljesitmeny\vendor\compiled.php(9244): call_user_func(Object(Closure), Object(Illuminate\Http\Request))
#32 [internal function]: Illuminate\Pipeline\Pipeline->Illuminate\Pipeline\{closure}(Object(Illuminate\Http\Request))
#33 C:\xampp\htdocs\csucsteljesitmeny\vendor\compiled.php(9227): call_user_func(Object(Closure), Object(Illuminate\Http\Request))
#34 C:\xampp\htdocs\csucsteljesitmeny\vendor\compiled.php(7220): Illuminate\Pipeline\Pipeline->then(Object(Closure))
#35 C:\xampp\htdocs\csucsteljesitmeny\vendor\compiled.php(7209): Illuminate\Routing\Router->runRouteWithinStack(Object(Illuminate\Routing\Route), Object(Illuminate\Http\Request))
#36 C:\xampp\htdocs\csucsteljesitmeny\vendor\compiled.php(7194): Illuminate\Routing\Router->dispatchToRoute(Object(Illuminate\Http\Request))
#37 C:\xampp\htdocs\csucsteljesitmeny\vendor\compiled.php(2040): Illuminate\Routing\Router->dispatch(Object(Illuminate\Http\Request))
#38 [internal function]: Illuminate\Foundation\Http\Kernel->Illuminate\Foundation\Http\{closure}(Object(Illuminate\Http\Request))
#39 C:\xampp\htdocs\csucsteljesitmeny\vendor\compiled.php(9244): call_user_func(Object(Closure), Object(Illuminate\Http\Request))
#40 C:\xampp\htdocs\csucsteljesitmeny\vendor\lucadegasperi\oauth2-server-laravel\src\Middleware\OAuthExceptionHandlerMiddleware.php(19): Illuminate\Pipeline\Pipeline->Illuminate\Pipeline\{closure}(Object(Illuminate\Http\Request))
#41 C:\xampp\htdocs\csucsteljesitmeny\vendor\compiled.php(9236): LucaDegasperi\OAuth2Server\Middleware\OAuthExceptionHandlerMiddleware->handle(Object(Illuminate\Http\Request), Object(Closure))
#42 C:\xampp\htdocs\csucsteljesitmeny\vendor\compiled.php(12416): Illuminate\Pipeline\Pipeline->Illuminate\Pipeline\{closure}(Object(Illuminate\Http\Request))
#43 C:\xampp\htdocs\csucsteljesitmeny\vendor\compiled.php(9236): Illuminate\View\Middleware\ShareErrorsFromSession->handle(Object(Illuminate\Http\Request), Object(Closure))
#44 C:\xampp\htdocs\csucsteljesitmeny\vendor\compiled.php(11106): Illuminate\Pipeline\Pipeline->Illuminate\Pipeline\{closure}(Object(Illuminate\Http\Request))
#45 C:\xampp\htdocs\csucsteljesitmeny\vendor\compiled.php(9236): Illuminate\Session\Middleware\StartSession->handle(Object(Illuminate\Http\Request), Object(Closure))
#46 C:\xampp\htdocs\csucsteljesitmeny\vendor\compiled.php(12118): Illuminate\Pipeline\Pipeline->Illuminate\Pipeline\{closure}(Object(Illuminate\Http\Request))
#47 C:\xampp\htdocs\csucsteljesitmeny\vendor\compiled.php(9236): Illuminate\Cookie\Middleware\AddQueuedCookiesToResponse->handle(Object(Illuminate\Http\Request), Object(Closure))
#48 C:\xampp\htdocs\csucsteljesitmeny\vendor\compiled.php(12066): Illuminate\Pipeline\Pipeline->Illuminate\Pipeline\{closure}(Object(Illuminate\Http\Request))
#49 C:\xampp\htdocs\csucsteljesitmeny\vendor\compiled.php(9236): Illuminate\Cookie\Middleware\EncryptCookies->handle(Object(Illuminate\Http\Request), Object(Closure))
#50 C:\xampp\htdocs\csucsteljesitmeny\vendor\compiled.php(2589): Illuminate\Pipeline\Pipeline->Illuminate\Pipeline\{closure}(Object(Illuminate\Http\Request))
#51 C:\xampp\htdocs\csucsteljesitmeny\vendor\compiled.php(9236): Illuminate\Foundation\Http\Middleware\CheckForMaintenanceMode->handle(Object(Illuminate\Http\Request), Object(Closure))
#52 [internal function]: Illuminate\Pipeline\Pipeline->Illuminate\Pipeline\{closure}(Object(Illuminate\Http\Request))
#53 C:\xampp\htdocs\csucsteljesitmeny\vendor\compiled.php(9227): call_user_func(Object(Closure), Object(Illuminate\Http\Request))
#54 C:\xampp\htdocs\csucsteljesitmeny\vendor\compiled.php(1996): Illuminate\Pipeline\Pipeline->then(Object(Closure))
#55 C:\xampp\htdocs\csucsteljesitmeny\vendor\compiled.php(1983): Illuminate\Foundation\Http\Kernel->sendRequestThroughRouter(Object(Illuminate\Http\Request))
#56 C:\xampp\htdocs\csucsteljesitmeny\public\index.php(55): Illuminate\Foundation\Http\Kernel->handle(Object(Illuminate\Http\Request))
#57 C:\xampp\htdocs\csucsteljesitmeny\server.php(21): require_once('C:\\xampp\\htdocs...')
#58 {main}  
